#
# A fatal error has been detected by the Java Runtime Environment:
#
#  EXCEPTION_ACCESS_VIOLATION (0xc0000005) at pc=0x00007ff9f080c224, pid=16472, tid=0x0000000000004b0c
#
# JRE version: Java(TM) SE Runtime Environment (8.0_291-b10) (build 1.8.0_291-b10)
# Java VM: Java HotSpot(TM) 64-Bit Server VM (25.291-b10 mixed mode windows-amd64 compressed oops)
# Problematic frame:
# C  [cyjagent.dll+0xc224]
#
# Failed to write core dump. Minidumps are not enabled by default on client versions of Windows
#
# If you would like to submit a bug report, please visit:
#   http://bugreport.java.com/bugreport/crash.jsp
# The crash happened outside the Java Virtual Machine in native code.
# See problematic frame for where to report the bug.
#

---------------  T H R E A D  ---------------

Current thread (0x000002345a475000):  JavaThread "Monitor Ctrl-Break" daemon [_thread_in_native, id=19212, stack(0x00000073ff100000,0x00000073ff200000)]

siginfo: ExceptionCode=0xc0000005, reading address 0x0000000000000000

Registers:
RAX=0x0000000000000000, RBX=0x000002345a475200, RCX=0x0000000000000000, RDX=0x000002342f0954c0
RSP=0x00000073ff1fdb00, RBP=0x0000023430ebf8d0, RSI=0x0000000000000000, RDI=0x0000023457fef410
R8 =0x0000000000000000, R9 =0x0000000000000000, R10=0x0000000000000000, R11=0x0000000000000246
R12=0x000002342f0a8fc0, R13=0x0000000000000000, R14=0x00000073ff1fdce0, R15=0x0000000000000000
RIP=0x00007ff9f080c224, EFLAGS=0x0000000000010202

Top of Stack: (sp=0x00000073ff1fdb00)
0x00000073ff1fdb00:   000002345a475200 0000000000000000
0x00000073ff1fdb10:   0000000000000000 000000070000002f
0x00000073ff1fdb20:   0000000000000000 0000000000000000
0x00000073ff1fdb30:   000002345a54c3d0 0000023430ebf8d0
0x00000073ff1fdb40:   0000000000000021 0000023457fe9640
0x00000073ff1fdb50:   0000000000000000 0000000000000000
0x00000073ff1fdb60:   0000000000000000 000000006e0e5728
0x00000073ff1fdb70:   000002342f0a8fc0 000002345a475000
0x00000073ff1fdb80:   0000023457fef410 000002342f0a2c70
0x00000073ff1fdb90:   0000023457fef410 0000000000000000
0x00000073ff1fdba0:   0000000c00001241 0000023457fee160
0x00000073ff1fdbb0:   00000073ff1fdca8 00000073ff1fdbc0
0x00000073ff1fdbc0:   0000000000000000 0000023457fe9b40
0x00000073ff1fdbd0:   000002345a4759d0 0000023457fee150
0x00000073ff1fdbe0:   0000023457fef440 0000023457ff6138
0x00000073ff1fdbf0:   00000000000083b0 000002345a475000 

Instructions: (pc=0x00007ff9f080c224)
0x00007ff9f080c204:   ff 15 a6 50 01 00 48 8b 0d a7 4b 02 00 4c 8b c7
0x00007ff9f080c214:   33 d2 ff 15 ac 4f 01 00 48 8b 4d 20 48 8b 55 10
0x00007ff9f080c224:   48 8b 01 48 8b 80 08 01 00 00 ff 15 ac 50 01 00
0x00007ff9f080c234:   85 c0 74 40 48 8b 0d a1 37 02 00 48 8d 15 9a 37 


Register to memory mapping:

RAX=0x0000000000000000 is an unknown value
RBX=0x000002345a475200 is an unknown value
RCX=0x0000000000000000 is an unknown value
RDX=0x000002342f0954c0 is an unknown value
RSP=0x00000073ff1fdb00 is pointing into the stack for thread: 0x000002345a475000
RBP=0x0000023430ebf8d0 is an unknown value
RSI=0x0000000000000000 is an unknown value
RDI=0x0000023457fef410 is an unknown value
R8 =0x0000000000000000 is an unknown value
R9 =0x0000000000000000 is an unknown value
R10=0x0000000000000000 is an unknown value
R11=0x0000000000000246 is an unknown value
R12=0x000002342f0a8fc0 is an unknown value
R13=0x0000000000000000 is an unknown value
R14=0x00000073ff1fdce0 is pointing into the stack for thread: 0x000002345a475000
R15=0x0000000000000000 is an unknown value


Stack: [0x00000073ff100000,0x00000073ff200000],  sp=0x00000073ff1fdb00,  free space=1014k
Native frames: (J=compiled Java code, j=interpreted, Vv=VM code, C=native code)
C  [cyjagent.dll+0xc224]
V  [jvm.dll+0x1b5728]
V  [jvm.dll+0x1ad762]
V  [jvm.dll+0x1ad8a1]
V  [jvm.dll+0x580b0]
V  [jvm.dll+0x65b9e]
V  [jvm.dll+0x83ade]
V  [jvm.dll+0x84f20]
V  [jvm.dll+0x852e3]
V  [jvm.dll+0x100ab2]
V  [jvm.dll+0xc131f]
V  [jvm.dll+0xbeb3f]
C  0x0000023430ef847c

Java frames: (J=compiled Java code, j=interpreted, Vv=VM code)
j  java.net.PlainSocketImpl.<init>(Z)V+12
j  java.net.SocksSocketImpl.<init>()V+2
j  java.net.Socket.setImpl()V+30
j  java.net.Socket.<init>(Ljava/net/SocketAddress;Ljava/net/SocketAddress;Z)V+51
j  java.net.Socket.<init>(Ljava/lang/String;I)V+34
j  com.intellij.rt.execution.application.AppMainV2$1.run()V+10
v  ~StubRoutines::call_stub

---------------  P R O C E S S  ---------------

Java Threads: ( => current thread )
  0x000002345a4e3000 JavaThread "Service Thread" daemon [_thread_blocked, id=3032, stack(0x00000073ff600000,0x00000073ff700000)]
  0x000002345a4d9800 JavaThread "C1 CompilerThread3" daemon [_thread_blocked, id=17840, stack(0x00000073ff500000,0x00000073ff600000)]
  0x000002345a4d5800 JavaThread "C2 CompilerThread2" daemon [_thread_blocked, id=10480, stack(0x00000073ff400000,0x00000073ff500000)]
  0x000002345a4d5000 JavaThread "C2 CompilerThread1" daemon [_thread_blocked, id=20728, stack(0x00000073ff300000,0x00000073ff400000)]
  0x000002345a4d2000 JavaThread "C2 CompilerThread0" daemon [_thread_blocked, id=9256, stack(0x00000073ff200000,0x00000073ff300000)]
=>0x000002345a475000 JavaThread "Monitor Ctrl-Break" daemon [_thread_in_native, id=19212, stack(0x00000073ff100000,0x00000073ff200000)]
  0x0000023457ffc800 JavaThread "Attach Listener" daemon [_thread_blocked, id=12076, stack(0x00000073ff000000,0x00000073ff100000)]
  0x0000023457ff9800 JavaThread "Signal Dispatcher" daemon [_thread_blocked, id=20540, stack(0x00000073fef00000,0x00000073ff000000)]
  0x0000023457fd3000 JavaThread "Finalizer" daemon [_thread_blocked, id=17172, stack(0x00000073fee00000,0x00000073fef00000)]
  0x0000023457fc9000 JavaThread "Reference Handler" daemon [_thread_blocked, id=13924, stack(0x00000073fed00000,0x00000073fee00000)]

Other Threads:
  0x0000023457f9c800 VMThread [stack: 0x00000073fec00000,0x00000073fed00000] [id=14356]

VM state:at safepoint (normal execution)

VM Mutex/Monitor currently owned by a thread:  ([mutex/lock_event])
[0x000002342f0ac680] Threads_lock - owner thread: 0x0000023457f9c800
[0x000002342f0ae310] Heap_lock - owner thread: 0x000002342f0b1000

heap address: 0x0000000544e00000, size: 10162 MB, Compressed Oops mode: Zero based, Oop shift amount: 3
Narrow klass base: 0x0000000000000000, Narrow klass shift: 3
Compressed class space size: 1073741824 Address: 0x00000007c0000000

Heap:
 PSYoungGen      total 189952K, used 9769K [0x00000006ec500000, 0x00000006f9900000, 0x00000007c0000000)
  eden space 162816K, 6% used [0x00000006ec500000,0x00000006ece8a560,0x00000006f6400000)
  from space 27136K, 0% used [0x00000006f7e80000,0x00000006f7e80000,0x00000006f9900000)
  to   space 27136K, 0% used [0x00000006f6400000,0x00000006f6400000,0x00000006f7e80000)
 ParOldGen       total 434176K, used 0K [0x0000000544e00000, 0x000000055f600000, 0x00000006ec500000)
  object space 434176K, 0% used [0x0000000544e00000,0x0000000544e00000,0x000000055f600000)
 Metaspace       used 3076K, capacity 4500K, committed 4864K, reserved 1056768K
  class space    used 339K, capacity 388K, committed 512K, reserved 1048576K

Card table byte_map: [0x0000023440290000,0x0000023441670000] byte_map_base: 0x000002343d869000

Marking Bits: (ParMarkBitMap*) 0x000000006e717fe0
 Begin Bits: [0x00000234423b0000, 0x000002344c278000)
 End Bits:   [0x000002344c278000, 0x0000023456140000)

Polling page: 0x000002342f270000

CodeCache: size=245760Kb used=1120Kb max_used=1120Kb free=244639Kb
 bounds [0x0000023430ed0000, 0x0000023431140000, 0x000002343fed0000]
 total_blobs=272 nmethods=27 adapters=159
 compilation: enabled

Compilation events (10 events):
Event: 0.075 Thread 0x000002345a4d9800   26       3       java.lang.AbstractStringBuilder::ensureCapacityInternal (27 bytes)
Event: 0.075 Thread 0x000002345a4d9800 nmethod 26 0x0000023430fe5250 code [0x0000023430fe53e0, 0x0000023430fe5860]
Event: 0.075 Thread 0x000002345a4d9800   24  s    3       java.lang.StringBuffer::append (13 bytes)
Event: 0.075 Thread 0x000002345a4d9800 nmethod 24 0x0000023430fe5a10 code [0x0000023430fe5bc0, 0x0000023430fe6300]
Event: 0.075 Thread 0x000002345a4d9800   23       3       java.lang.AbstractStringBuilder::append (29 bytes)
Event: 0.076 Thread 0x000002345a4d9800 nmethod 23 0x0000023430fe66d0 code [0x0000023430fe6880, 0x0000023430fe6dc0]
Event: 0.076 Thread 0x000002345a4d9800   25       3       java.io.WinNTFileSystem::isSlash (18 bytes)
Event: 0.076 Thread 0x000002345a4d9800 nmethod 25 0x0000023430fe7050 code [0x0000023430fe71a0, 0x0000023430fe7398]
Event: 0.076 Thread 0x000002345a4d9800   27       3       java.lang.String::getChars (62 bytes)
Event: 0.076 Thread 0x000002345a4d9800 nmethod 27 0x0000023430fe7810 code [0x0000023430fe79c0, 0x0000023430fe7e00]

GC Heap History (0 events):
No events

Deoptimization events (0 events):
No events

Classes redefined (1 events):
Event: 0.069 Thread 0x0000023457f9c800 redefined class name=java.io.FileOutputStream, count=1

Internal exceptions (2 events):
Event: 0.027 Thread 0x000002342f0b1000 Exception <a 'java/lang/NoSuchMethodError': Method sun.misc.Unsafe.defineClass(Ljava/lang/String;[BII)Ljava/lang/Class; name or signature does not match> (0x00000006ec507cc0) thrown at [C:\jenkins\workspace\8-2-build-windows-amd64-cygwin\jdk8u291\1294\hot
Event: 0.027 Thread 0x000002342f0b1000 Exception <a 'java/lang/NoSuchMethodError': Method sun.misc.Unsafe.prefetchRead(Ljava/lang/Object;J)V name or signature does not match> (0x00000006ec507fa8) thrown at [C:\jenkins\workspace\8-2-build-windows-amd64-cygwin\jdk8u291\1294\hotspot\src\share\vm\

Events (10 events):
Event: 0.076 loading class sun/misc/FloatingDecimal$PreparedASCIIToBinaryBuffer done
Event: 0.076 Thread 0x000002342f0b1000 Thread added: 0x000002342f0b1000
Event: 0.076 loading class java/lang/Shutdown
Event: 0.076 loading class sun/misc/FloatingDecimal$ASCIIToBinaryBuffer
Event: 0.076 loading class java/lang/Shutdown done
Event: 0.076 loading class java/lang/Shutdown$Lock
Event: 0.076 loading class java/lang/Shutdown$Lock done
Event: 0.076 loading class sun/misc/FloatingDecimal$ASCIIToBinaryBuffer done
Event: 0.076 loading class java/net/DualStackPlainSocketImpl
Event: 0.077 Thread 0x000002342f0b1000 Thread exited: 0x000002342f0b1000


Dynamic libraries:
0x00007ff73a610000 - 0x00007ff73a657000 	D:\Java\jdk1.8.0_291\bin\java.exe
0x00007ff9f0ff0000 - 0x00007ff9f11e8000 	C:\Windows\SYSTEM32\ntdll.dll
0x00007ff9f0d50000 - 0x00007ff9f0e0d000 	C:\Windows\System32\KERNEL32.DLL
0x00007ff9f0a50000 - 0x00007ff9f0d46000 	C:\Windows\System32\KERNELBASE.dll
0x0000000070fb0000 - 0x0000000070feb000 	C:\Windows\System32\cyinjct.dll
0x00007ff9f08d0000 - 0x00007ff9f08dc000 	C:\Windows\System32\ntnativeapi.dll
0x00007ff9f08b0000 - 0x00007ff9f08ce000 	C:\Windows\System32\cyvera.dll
0x00007ff9f0840000 - 0x00007ff9f08ae000 	C:\Windows\System32\cyvrtrap.dll
0x00007ff9eed60000 - 0x00007ff9eee0f000 	C:\Windows\System32\ADVAPI32.dll
0x00007ff9ef980000 - 0x00007ff9efa1e000 	C:\Windows\System32\msvcrt.dll
0x00007ff9efa90000 - 0x00007ff9efb2c000 	C:\Windows\System32\sechost.dll
0x00007ff9f0920000 - 0x00007ff9f0a46000 	C:\Windows\System32\RPCRT4.dll
0x00007ff9f0e10000 - 0x00007ff9f0fae000 	C:\Windows\System32\USER32.dll
0x00007ff9ee9c0000 - 0x00007ff9ee9e2000 	C:\Windows\System32\win32u.dll
0x00007ff9f0620000 - 0x00007ff9f064c000 	C:\Windows\System32\GDI32.dll
0x00007ff9ee8a0000 - 0x00007ff9ee9ba000 	C:\Windows\System32\gdi32full.dll
0x00007ff9ee710000 - 0x00007ff9ee7ad000 	C:\Windows\System32\msvcp_win.dll
0x00007ff9eeb30000 - 0x00007ff9eec30000 	C:\Windows\System32\ucrtbase.dll
0x00007ff9d8540000 - 0x00007ff9d87da000 	C:\Windows\WinSxS\amd64_microsoft.windows.common-controls_6595b64144ccf1df_6.0.19041.3636_none_60b6a03d71f818d5\COMCTL32.dll
0x00007ff9efb30000 - 0x00007ff9efb60000 	C:\Windows\System32\IMM32.DLL
0x00007ff9e0fd0000 - 0x00007ff9e0fe5000 	D:\Java\jdk1.8.0_291\jre\bin\vcruntime140.dll
0x00007ff9c8b50000 - 0x00007ff9c8beb000 	D:\Java\jdk1.8.0_291\jre\bin\msvcp140.dll
0x000000006df30000 - 0x000000006e790000 	D:\Java\jdk1.8.0_291\jre\bin\server\jvm.dll
0x00007ff9eee70000 - 0x00007ff9eee78000 	C:\Windows\System32\PSAPI.DLL
0x00007ff9e6ed0000 - 0x00007ff9e6ed9000 	C:\Windows\SYSTEM32\WSOCK32.dll
0x00007ff9efa20000 - 0x00007ff9efa8b000 	C:\Windows\System32\WS2_32.dll
0x00007ff9ecae0000 - 0x00007ff9ecb07000 	C:\Windows\SYSTEM32\WINMM.dll
0x00007ff9d39a0000 - 0x00007ff9d39aa000 	C:\Windows\SYSTEM32\VERSION.dll
0x00007ff9ece50000 - 0x00007ff9ece62000 	C:\Windows\SYSTEM32\kernel.appcore.dll
0x00007ff9e69e0000 - 0x00007ff9e69f0000 	D:\Java\jdk1.8.0_291\jre\bin\verify.dll
0x00007ff9d8130000 - 0x00007ff9d815b000 	D:\Java\jdk1.8.0_291\jre\bin\java.dll
0x00007ff9d8100000 - 0x00007ff9d8130000 	D:\Java\jdk1.8.0_291\jre\bin\instrument.dll
0x00007ff9f0800000 - 0x00007ff9f0837000 	C:\Program Files\Palo Alto Networks\Traps\cyjagent.dll
0x00007ff9d8aa0000 - 0x00007ff9d8ab8000 	D:\Java\jdk1.8.0_291\jre\bin\zip.dll
0x00007ff9eee80000 - 0x00007ff9ef5c5000 	C:\Windows\System32\SHELL32.dll
0x00007ff9ebbc0000 - 0x00007ff9ec35b000 	C:\Windows\SYSTEM32\windows.storage.dll
0x00007ff9efdc0000 - 0x00007ff9f0114000 	C:\Windows\System32\combase.dll
0x00007ff9edf20000 - 0x00007ff9edf4d000 	C:\Windows\SYSTEM32\Wldp.dll
0x00007ff9ef5d0000 - 0x00007ff9ef67d000 	C:\Windows\System32\SHCORE.dll
0x00007ff9ef7d0000 - 0x00007ff9ef825000 	C:\Windows\System32\shlwapi.dll
0x00007ff9ee4e0000 - 0x00007ff9ee505000 	C:\Windows\SYSTEM32\profapi.dll
0x00007ff9d8a50000 - 0x00007ff9d8a6a000 	D:\IntelliJ IDEA 2021.1.3\bin\breakgen64.dll
0x00007ff9d80e0000 - 0x00007ff9d80fc000 	D:\Java\jdk1.8.0_291\jre\bin\net.dll
0x00007ff9edc80000 - 0x00007ff9edcea000 	C:\Windows\system32\mswsock.dll
0x00007ff9ec8d0000 - 0x00007ff9ecab4000 	C:\Windows\SYSTEM32\dbghelp.dll
0x00007ff9ee9f0000 - 0x00007ff9eea72000 	C:\Windows\System32\bcryptPrimitives.dll

VM Arguments:
jvm_args: -javaagent:D:\IntelliJ IDEA 2021.1.3\lib\idea_rt.jar=57716:D:\IntelliJ IDEA 2021.1.3\bin -Dfile.encoding=UTF-8 -agentpath:C:\Program Files\Palo Alto Networks\Traps\cyjagent.dll 
java_command: hackerRank.MinMaxSum
java_class_path (initial): D:\Java\jdk1.8.0_291\jre\lib\charsets.jar;D:\Java\jdk1.8.0_291\jre\lib\deploy.jar;D:\Java\jdk1.8.0_291\jre\lib\ext\access-bridge-64.jar;D:\Java\jdk1.8.0_291\jre\lib\ext\cldrdata.jar;D:\Java\jdk1.8.0_291\jre\lib\ext\dnsns.jar;D:\Java\jdk1.8.0_291\jre\lib\ext\jaccess.jar;D:\Java\jdk1.8.0_291\jre\lib\ext\jfxrt.jar;D:\Java\jdk1.8.0_291\jre\lib\ext\localedata.jar;D:\Java\jdk1.8.0_291\jre\lib\ext\nashorn.jar;D:\Java\jdk1.8.0_291\jre\lib\ext\sunec.jar;D:\Java\jdk1.8.0_291\jre\lib\ext\sunjce_provider.jar;D:\Java\jdk1.8.0_291\jre\lib\ext\sunmscapi.jar;D:\Java\jdk1.8.0_291\jre\lib\ext\sunpkcs11.jar;D:\Java\jdk1.8.0_291\jre\lib\ext\zipfs.jar;D:\Java\jdk1.8.0_291\jre\lib\javaws.jar;D:\Java\jdk1.8.0_291\jre\lib\jce.jar;D:\Java\jdk1.8.0_291\jre\lib\jfr.jar;D:\Java\jdk1.8.0_291\jre\lib\jfxswt.jar;D:\Java\jdk1.8.0_291\jre\lib\jsse.jar;D:\Java\jdk1.8.0_291\jre\lib\management-agent.jar;D:\Java\jdk1.8.0_291\jre\lib\plugin.jar;D:\Java\jdk1.8.0_291\jre\lib\resources.jar;D:\Java\jdk1.8.0_291\jre\lib\rt.jar;C:\Users\Zain.Badaruddin\IdeaProjects\practiceProject\out\production\practiceProject;D:\IntelliJ IDEA 2021.1.3\lib\idea_rt.jar
Launcher Type: SUN_STANDARD

Environment Variables:
PATH=C:\Program Files\Common Files\Oracle\Java\javapath;C:\Windows\system32;C:\Windows;C:\Windows\System32\Wbem;C:\Windows\System32\WindowsPowerShell\v1.0\;C:\Windows\System32\OpenSSH\;D:\SDK\platform-tools;D:\SDK;C:\Program Files (x86)\Microsoft SQL Server\150\Tools\Binn\;C:\Program Files\Microsoft SQL Server\150\Tools\Binn\;C:\Program Files (x86)\Microsoft SQL Server\150\DTS\Binn\;C:\Program Files\Microsoft SQL Server\150\DTS\Binn\;C:\Program Files\Microsoft SQL Server\Client SDK\ODBC\170\Tools\Binn\;C:\Program Files (x86)\Microsoft SQL Server\160\DTS\Binn\;C:\Program Files\Azure Data Studio\bin;C:\Program Files\Git\cmd;C:\Program Files\nodejs\;C:\Program Files\MongoDB\Server\6.0\bin;D:\flutter\bin;D:\Java\jdk1.8.0_291\bin;C:\Users\Zain.Badaruddin\AppData\Local\Microsoft\WindowsApps;C:\Users\Zain.Badaruddin\AppData\Local\Programs\Microsoft VS Code\bin;D:\SDK;C:\Program Files\Azure Data Studio\bin;C:\Users\Zain.Badaruddin\AppData\Roaming\npm;C:\Program Files\MongoDB\Server\6.0\bin;D:\flutter\bin;
USERNAME=Zain.Badaruddin
OS=Windows_NT
PROCESSOR_IDENTIFIER=Intel64 Family 6 Model 154 Stepping 4, GenuineIntel



---------------  S Y S T E M  ---------------

OS: Windows 10.0 , 64 bit Build 19041 (10.0.19041.3636)

CPU:total 12 (initial active 12) (6 cores per cpu, 2 threads per core) family 6 model 154 stepping 4, cmov, cx8, fxsr, mmx, sse, sse2, sse3, ssse3, sse4.1, sse4.2, popcnt, avx, avx2, aes, clmul, erms, 3dnowpref, lzcnt, ht, tsc, tscinvbit, bmi1, bmi2, adx

Memory: 4k page, physical 41619020k(26847904k free), swap 47648332k(30349352k free)

vm_info: Java HotSpot(TM) 64-Bit Server VM (25.291-b10) for windows-amd64 JRE (1.8.0_291-b10), built on Apr  9 2021 00:02:00 by "java_re" with MS VC++ 15.9 (VS2017)

time: Fri Dec 22 16:05:26 2023
timezone: Pakistan Standard Time
elapsed time: 0.124450 seconds (0d 0h 0m 0s)

