#
# A fatal error has been detected by the Java Runtime Environment:
#
#  EXCEPTION_ACCESS_VIOLATION (0xc0000005) at pc=0x00007ffef598c1c4, pid=18800, tid=21784
#
# JRE version: OpenJDK Runtime Environment (20.0.2+10) (build 20.0.2+10)
# Java VM: OpenJDK 64-Bit Server VM (20.0.2+10, mixed mode, sharing, tiered, compressed oops, compressed class ptrs, g1 gc, windows-amd64)
# Problematic frame:
# C  [cyjagent.dll+0xc1c4]
#
# No core dump will be written. Minidumps are not enabled by default on client versions of Windows
#
# If you would like to submit a bug report, please visit:
#   https://bell-sw.com/support
# The crash happened outside the Java Virtual Machine in native code.
# See problematic frame for where to report the bug.
#

---------------  S U M M A R Y ------------

Command Line: -javaagent:D:\IntelliJ IDEA 2021.1.3\lib\idea_rt.jar=54483:D:\IntelliJ IDEA 2021.1.3\bin -Dfile.encoding=UTF-8 -Dsun.stdout.encoding=UTF-8 -Dsun.stderr.encoding=UTF-8 -agentpath:C:\Program Files\Palo Alto Networks\Traps\cyjagent.dll NumberMagic

Host: 12th Gen Intel(R) Core(TM) i7-1255U, 12 cores, 39G,  Windows 10 , 64 bit Build 19041 (10.0.19041.3570)
Time: Mon Oct 16 18:45:18 2023 Pakistan Standard Time elapsed time: 0.099249 seconds (0d 0h 0m 0s)

---------------  T H R E A D  ---------------

Current thread (0x00000197aaed0760):  JavaThread "Monitor Ctrl-Break" daemon [_thread_in_native, id=21784, stack(0x0000001588b00000,0x0000001588c00000)]

Stack: [0x0000001588b00000,0x0000001588c00000],  sp=0x0000001588bfd6d0,  free space=1013k
Native frames: (J=compiled Java code, j=interpreted, Vv=VM code, C=native code)
C  [cyjagent.dll+0xc1c4]

Java frames: (J=compiled Java code, j=interpreted, Vv=VM code)
j  java.net.InetAddress.initializePlatformLookupPolicy()Ljava/net/spi/InetAddressResolver$LookupPolicy;+105 java.base@20.0.2
j  java.net.InetAddress.<clinit>()V+115 java.base@20.0.2
v  ~StubRoutines::call_stub 0x000001974cc2100d
j  java.net.InetSocketAddress.<init>(Ljava/lang/String;I)V+15 java.base@20.0.2
j  java.net.Socket.<init>(Ljava/lang/String;I)V+11 java.base@20.0.2
j  com.intellij.rt.execution.application.AppMainV2$1.run()V+10
v  ~StubRoutines::call_stub 0x000001974cc2100d

siginfo: EXCEPTION_ACCESS_VIOLATION (0xc0000005), reading address 0x0000000000000000


Registers:
RAX=0x0000000000000000, RBX=0x00000197aaed0a40, RCX=0x0000000000000000, RDX=0x0000019739fefca0
RSP=0x0000001588bfd6d0, RBP=0x00000197456df8d0, RSI=0x0000000000000000, RDI=0x00000197aac7efc8
R8 =0x0000001588bfd548, R9 =0x00000197456df8d0, R10=0x0000000000000000, R11=0x0000000000000246
R12=0x00000197aac7efc8, R13=0x0000000000000000, R14=0x00000197aaed0760, R15=0x0000000000000000
RIP=0x00007ffef598c1c4, EFLAGS=0x0000000000010202


Register to memory mapping:

RIP=0x00007ffef598c1c4 cyjagent.dll
RAX=0x0 is NULL
RBX=0x00000197aaed0a40 points into unknown readable memory: 0x00007ffe89d8b980 | 80 b9 d8 89 fe 7f 00 00
RCX=0x0 is NULL
RDX=0x0000019739fefca0 points into unknown readable memory: 0x00000197aaed0760 | 60 07 ed aa 97 01 00 00
RSP=0x0000001588bfd6d0 is pointing into the stack for thread: 0x00000197aaed0760
RBP=0x00000197456df8d0 points into unknown readable memory: 0x0000019745602740 | 40 27 60 45 97 01 00 00
RSI=0x0 is NULL
RDI=0x00000197aac7efc8 points into unknown readable memory: 0x74656e2f6176616a | 6a 61 76 61 2f 6e 65 74
R8 =0x0000001588bfd548 is pointing into the stack for thread: 0x00000197aaed0760
R9 =0x00000197456df8d0 points into unknown readable memory: 0x0000019745602740 | 40 27 60 45 97 01 00 00
R10=0x0 is NULL
R11=0x0000000000000246 is an unknown value
R12=0x00000197aac7efc8 points into unknown readable memory: 0x74656e2f6176616a | 6a 61 76 61 2f 6e 65 74
R13=0x0 is NULL
R14=0x00000197aaed0760 is a thread
R15=0x0 is NULL


Top of Stack: (sp=0x0000001588bfd6d0)
0x0000001588bfd6d0:   00000197aac7efc8 00000197aaed0a40
0x0000001588bfd6e0:   0000000000000000 00007ffe8963d0c2
0x0000001588bfd6f0:   0000000000000000 0000000000000000
0x0000001588bfd700:   000001976615b330 00000197456df8d0
0x0000001588bfd710:   000000000000002d 0000001588bfd8f0
0x0000001588bfd720:   000001973a0add50 0000000000000000
0x0000001588bfd730:   0000001588bfd928 00007ffe8975498e
0x0000001588bfd740:   000001973a0add50 0000000000000000
0x0000001588bfd750:   0000001588bfd8f0 00000000000004a3
0x0000001588bfd760:   00000197aac7efc8 0000000000000000
0x0000001588bfd770:   00000197000004a3 00000197aac7eaf0
0x0000001588bfd780:   0000001588bfd878 0000001588bfd798
0x0000001588bfd790:   0000000000000000 0000000000000000
0x0000001588bfd7a0:   0000000000000000 00007ffef5c24f3d
0x0000001588bfd7b0:   00000197aae45df0 00000197aac7eae0
0x0000001588bfd7c0:   00000197aac7eff8 00000197aac86ac8
0x0000001588bfd7d0:   00000000000083b0 00000197aaed0760
0x0000001588bfd7e0:   00000197aaed0760 00000197aae46770
0x0000001588bfd7f0:   00000197aac474c0 00000197aac474d8
0x0000001588bfd800:   00000197aac475a8 00000000000000d8
0x0000001588bfd810:   0000001588bfde70 0000000000001ef3
0x0000001588bfd820:   0000000000000068 0000000000000000
0x0000001588bfd830:   0000000000000003 000001973a0add50
0x0000001588bfd840:   0000001588bfd8f0 0000019765e56090
0x0000001588bfd850:   0000000000000028 00007ffe8974c562
0x0000001588bfd860:   00000197aac24c01 00007ffee76d2632
0x0000001588bfd870:   00000197aae45d01 0000000000000000
0x0000001588bfd880:   0000019765e56090 000001976615b330
0x0000001588bfd890:   000001976615b330 00000197aac24c70
0x0000001588bfd8a0:   0000000000000000 00007ffe8974c65b
0x0000001588bfd8b0:   0000001588bfd9b0 0000000000000000
0x0000001588bfd8c0:   0000000000000000 00000197aac24c70 

Instructions: (pc=0x00007ffef598c1c4)
0x00007ffef598c0c4:   00 00 03 72 2d 44 8b ce 48 8d 05 3d e0 01 00 ba
0x00007ffef598c0d4:   2f 00 00 00 4e 8b 0c c8 48 8b 89 b0 02 00 00 4c
0x00007ffef598c0e4:   8d 05 56 df 01 00 e8 51 50 ff ff 48 8b 0d ea 38
0x00007ffef598c0f4:   02 00 48 3b cb 74 68 f6 81 bc 02 00 00 10 74 5f
0x00007ffef598c104:   80 b9 b9 02 00 00 02 72 56 4c 8b 8c 24 90 00 00
0x00007ffef598c114:   00 4c 8d 05 24 df 01 00 48 8b 89 b0 02 00 00 ba
0x00007ffef598c124:   31 00 00 00 e8 13 50 ff ff eb 34 49 8b 0f 4c 8b
0x00007ffef598c134:   c3 48 8b d6 e8 d3 63 00 00 48 8b 84 24 b0 00 00
0x00007ffef598c144:   00 89 18 48 8b 0d 6a 4c 02 00 4c 8b c6 33 d2 ff
0x00007ffef598c154:   15 97 50 01 00 eb 08 a8 02 75 04 c6 47 40 01 b8
0x00007ffef598c164:   ff ff ff ff f0 0f c1 47 10 4c 8b b4 24 88 00 00
0x00007ffef598c174:   00 83 f8 01 75 42 48 8b 4f 18 48 81 c1 70 01 00
0x00007ffef598c184:   00 ff 15 1d 51 01 00 48 8b 0f 48 8b 47 08 48 89
0x00007ffef598c194:   08 48 89 41 08 48 8b 4f 18 48 81 c1 70 01 00 00
0x00007ffef598c1a4:   ff 15 06 51 01 00 48 8b 0d 07 4c 02 00 4c 8b c7
0x00007ffef598c1b4:   33 d2 ff 15 34 50 01 00 48 8b 4d 20 48 8b 55 10
0x00007ffef598c1c4:   48 8b 01 48 8b 80 08 01 00 00 ff 15 0c 51 01 00
0x00007ffef598c1d4:   85 c0 74 40 48 8b 0d 01 38 02 00 48 8d 15 fa 37
0x00007ffef598c1e4:   02 00 48 3b ca 74 2d f6 81 bc 02 00 00 10 74 24
0x00007ffef598c1f4:   80 b9 b9 02 00 00 03 72 1b 48 8b 89 b0 02 00 00
0x00007ffef598c204:   4c 8d 05 35 de 01 00 ba 15 00 00 00 44 8b c8 e8
0x00007ffef598c214:   68 4e ff ff 48 8b 6c 24 78 48 8b b4 24 80 00 00
0x00007ffef598c224:   00 48 83 c4 50 41 5f 5f 5b c3 cc cc 40 57 48 83
0x00007ffef598c234:   ec 30 f6 81 78 01 00 00 04 48 8b f9 0f 85 87 02
0x00007ffef598c244:   00 00 48 89 5c 24 40 45 33 c9 48 89 6c 24 48 33
0x00007ffef598c254:   d2 48 89 74 24 50 48 8b 71 20 45 8d 41 32 48 8b
0x00007ffef598c264:   ce 48 8b 06 48 8b 40 08 ff 15 6e 50 01 00 48 8d
0x00007ffef598c274:   2d 67 37 02 00 85 c0 74 37 48 8b 0d 5c 37 02 00
0x00007ffef598c284:   48 3b cd 74 2b f6 81 bc 02 00 00 10 74 22 80 b9
0x00007ffef598c294:   b9 02 00 00 02 72 19 48 8b 89 b0 02 00 00 ba 11
0x00007ffef598c2a4:   00 00 00 89 44 24 20 44 8d 4a 21 e8 7c dc ff ff
0x00007ffef598c2b4:   48 8b 06 45 33 c9 33 d2 48 8b ce 48 8b 40 08 45 


Stack slot to memory mapping:
stack at sp + 0 slots: 0x00000197aac7efc8 points into unknown readable memory: 0x74656e2f6176616a | 6a 61 76 61 2f 6e 65 74
stack at sp + 1 slots: 0x00000197aaed0a40 points into unknown readable memory: 0x00007ffe89d8b980 | 80 b9 d8 89 fe 7f 00 00
stack at sp + 2 slots: 0x0 is NULL
stack at sp + 3 slots: 0x00007ffe8963d0c2 jvm.dll
stack at sp + 4 slots: 0x0 is NULL
stack at sp + 5 slots: 0x0 is NULL
stack at sp + 6 slots: 0x000001976615b330 is pointing into metadata
stack at sp + 7 slots: 0x00000197456df8d0 points into unknown readable memory: 0x0000019745602740 | 40 27 60 45 97 01 00 00


---------------  P R O C E S S  ---------------

Threads class SMR info:
_java_thread_list=0x00000197aad33390, length=11, elements={
0x00000197aac0fa00, 0x00000197aac10700, 0x00000197aac140b0, 0x00000197aac16b00,
0x00000197aac17440, 0x00000197aac180b0, 0x00000197aac1da00, 0x0000019762fc7140,
0x00000197aad50160, 0x00000197aaed0760, 0x00000197aae4bc40
}

Java Threads: ( => current thread )
  0x00000197aac0fa00 JavaThread "Reference Handler" daemon [_thread_blocked, id=12752, stack(0x0000001588100000,0x0000001588200000)]
  0x00000197aac10700 JavaThread "Finalizer" daemon [_thread_blocked, id=18288, stack(0x0000001588200000,0x0000001588300000)]
  0x00000197aac140b0 JavaThread "Attach Listener" daemon [_thread_blocked, id=21432, stack(0x0000001588400000,0x0000001588500000)]
  0x00000197aac16b00 JavaThread "Service Thread" daemon [_thread_blocked, id=19876, stack(0x0000001588500000,0x0000001588600000)]
  0x00000197aac17440 JavaThread "Monitor Deflation Thread" daemon [_thread_blocked, id=12604, stack(0x0000001588600000,0x0000001588700000)]
  0x00000197aac180b0 JavaThread "C2 CompilerThread0" daemon [_thread_blocked, id=5596, stack(0x0000001588700000,0x0000001588800000)]
  0x00000197aac1da00 JavaThread "C1 CompilerThread0" daemon [_thread_blocked, id=19660, stack(0x0000001588800000,0x0000001588900000)]
  0x0000019762fc7140 JavaThread "Common-Cleaner" daemon [_thread_blocked, id=23308, stack(0x0000001588900000,0x0000001588a00000)]
  0x00000197aad50160 JavaThread "C2 CompilerThread1" daemon [_thread_blocked, id=2824, stack(0x0000001588a00000,0x0000001588b00000)]
=>0x00000197aaed0760 JavaThread "Monitor Ctrl-Break" daemon [_thread_in_native, id=21784, stack(0x0000001588b00000,0x0000001588c00000)]
  0x00000197aae4bc40 JavaThread "Notification Thread" daemon [_thread_blocked, id=11296, stack(0x0000001588c00000,0x0000001588d00000)]

Other Threads:
  0x0000019762fe2cc0 VMThread "VM Thread" [stack: 0x0000001588000000,0x0000001588100000] [id=12296] _threads_hazard_ptr=0x00000197aad33390
  0x0000019762e28690 WorkerThread "GC Thread#0" [stack: 0x0000001587b00000,0x0000001587c00000] [id=20544]
  0x000001973a58c4e0 ConcurrentGCThread "G1 Main Marker" terminated
  0x000001973a58cf10 WorkerThread "G1 Conc#0" [stack: 0x0000001587d00000,0x0000001587e00000] [id=21328]
  0x000001973a59ebb0 ConcurrentGCThread "G1 Refine#0" terminated
  0x0000019762e99dc0 ConcurrentGCThread "G1 Service" terminated

Threads with active compile tasks:

VM state: at safepoint (normal execution)

VM Mutex/Monitor currently owned by a thread:  ([mutex/lock_event])
[0x000001973a503070] Threads_lock - owner thread: 0x0000019762fe2cc0
[0x000001973a5037c0] Heap_lock - owner thread: 0x000001973a505fb0

Heap address: 0x0000000584800000, size: 10168 MB, Compressed Oops mode: Zero based, Oop shift amount: 3

CDS archive(s) mapped at: [0x0000019765c00000-0x0000019766870000-0x0000019766870000), size 13041664, SharedBaseAddress: 0x0000019765c00000, ArchiveRelocationMode: 1.
Compressed class space mapped at: 0x0000019766c00000-0x00000197a6c00000, reserved size: 1073741824
Narrow klass base: 0x0000019765c00000, Narrow klass shift: 0, Narrow klass range: 0x100000000

GC Precious Log:
 CardTable entry size: 512
 Card Set container configuration: InlinePtr #cards 4 size 8 Array Of Cards #cards 64 size 144 Howl #buckets 8 coarsen threshold 14745 Howl Bitmap #cards 2048 size 272 coarsen threshold 1843 Card regions per heap region 1 cards per card region 16384
 CPUs: 12 total, 12 available
 Memory: 40643M
 Large Page Support: Disabled
 NUMA Support: Disabled
 Compressed Oops: Enabled (Zero based)
 Heap Region Size: 8M
 Heap Min Capacity: 8M
 Heap Initial Capacity: 640M
 Heap Max Capacity: 10168M
 Pre-touch: Disabled
 Parallel Workers: 10
 Concurrent Workers: 3
 Concurrent Refinement Workers: 10
 Periodic GC: Disabled

Heap:
 garbage-first heap   total 655360K, used 0K [0x0000000584800000, 0x0000000800000000)
  region size 8192K, 1 young (8192K), 0 survivors (0K)
 Metaspace       used 526K, committed 704K, reserved 1114112K
  class space    used 30K, committed 128K, reserved 1048576K

Heap Regions: E=young(eden), S=young(survivor), O=old, HS=humongous(starts), HC=humongous(continues), CS=collection set, F=free, OA=open archive, CA=closed archive, TAMS=top-at-mark-start, PB=parsable bottom
|   0|0x0000000584800000, 0x0000000584800000, 0x0000000585000000|  0%| F|  |TAMS 0x0000000584800000| PB 0x0000000584800000| Untracked 
|   1|0x0000000585000000, 0x0000000585000000, 0x0000000585800000|  0%| F|  |TAMS 0x0000000585000000| PB 0x0000000585000000| Untracked 
|   2|0x0000000585800000, 0x0000000585800000, 0x0000000586000000|  0%| F|  |TAMS 0x0000000585800000| PB 0x0000000585800000| Untracked 
|   3|0x0000000586000000, 0x0000000586000000, 0x0000000586800000|  0%| F|  |TAMS 0x0000000586000000| PB 0x0000000586000000| Untracked 
|   4|0x0000000586800000, 0x0000000586800000, 0x0000000587000000|  0%| F|  |TAMS 0x0000000586800000| PB 0x0000000586800000| Untracked 
|   5|0x0000000587000000, 0x0000000587000000, 0x0000000587800000|  0%| F|  |TAMS 0x0000000587000000| PB 0x0000000587000000| Untracked 
|   6|0x0000000587800000, 0x0000000587800000, 0x0000000588000000|  0%| F|  |TAMS 0x0000000587800000| PB 0x0000000587800000| Untracked 
|   7|0x0000000588000000, 0x0000000588000000, 0x0000000588800000|  0%| F|  |TAMS 0x0000000588000000| PB 0x0000000588000000| Untracked 
|   8|0x0000000588800000, 0x0000000588800000, 0x0000000589000000|  0%| F|  |TAMS 0x0000000588800000| PB 0x0000000588800000| Untracked 
|   9|0x0000000589000000, 0x0000000589000000, 0x0000000589800000|  0%| F|  |TAMS 0x0000000589000000| PB 0x0000000589000000| Untracked 
|  10|0x0000000589800000, 0x0000000589800000, 0x000000058a000000|  0%| F|  |TAMS 0x0000000589800000| PB 0x0000000589800000| Untracked 
|  11|0x000000058a000000, 0x000000058a000000, 0x000000058a800000|  0%| F|  |TAMS 0x000000058a000000| PB 0x000000058a000000| Untracked 
|  12|0x000000058a800000, 0x000000058a800000, 0x000000058b000000|  0%| F|  |TAMS 0x000000058a800000| PB 0x000000058a800000| Untracked 
|  13|0x000000058b000000, 0x000000058b000000, 0x000000058b800000|  0%| F|  |TAMS 0x000000058b000000| PB 0x000000058b000000| Untracked 
|  14|0x000000058b800000, 0x000000058b800000, 0x000000058c000000|  0%| F|  |TAMS 0x000000058b800000| PB 0x000000058b800000| Untracked 
|  15|0x000000058c000000, 0x000000058c000000, 0x000000058c800000|  0%| F|  |TAMS 0x000000058c000000| PB 0x000000058c000000| Untracked 
|  16|0x000000058c800000, 0x000000058c800000, 0x000000058d000000|  0%| F|  |TAMS 0x000000058c800000| PB 0x000000058c800000| Untracked 
|  17|0x000000058d000000, 0x000000058d000000, 0x000000058d800000|  0%| F|  |TAMS 0x000000058d000000| PB 0x000000058d000000| Untracked 
|  18|0x000000058d800000, 0x000000058d800000, 0x000000058e000000|  0%| F|  |TAMS 0x000000058d800000| PB 0x000000058d800000| Untracked 
|  19|0x000000058e000000, 0x000000058e000000, 0x000000058e800000|  0%| F|  |TAMS 0x000000058e000000| PB 0x000000058e000000| Untracked 
|  20|0x000000058e800000, 0x000000058e800000, 0x000000058f000000|  0%| F|  |TAMS 0x000000058e800000| PB 0x000000058e800000| Untracked 
|  21|0x000000058f000000, 0x000000058f000000, 0x000000058f800000|  0%| F|  |TAMS 0x000000058f000000| PB 0x000000058f000000| Untracked 
|  22|0x000000058f800000, 0x000000058f800000, 0x0000000590000000|  0%| F|  |TAMS 0x000000058f800000| PB 0x000000058f800000| Untracked 
|  23|0x0000000590000000, 0x0000000590000000, 0x0000000590800000|  0%| F|  |TAMS 0x0000000590000000| PB 0x0000000590000000| Untracked 
|  24|0x0000000590800000, 0x0000000590800000, 0x0000000591000000|  0%| F|  |TAMS 0x0000000590800000| PB 0x0000000590800000| Untracked 
|  25|0x0000000591000000, 0x0000000591000000, 0x0000000591800000|  0%| F|  |TAMS 0x0000000591000000| PB 0x0000000591000000| Untracked 
|  26|0x0000000591800000, 0x0000000591800000, 0x0000000592000000|  0%| F|  |TAMS 0x0000000591800000| PB 0x0000000591800000| Untracked 
|  27|0x0000000592000000, 0x0000000592000000, 0x0000000592800000|  0%| F|  |TAMS 0x0000000592000000| PB 0x0000000592000000| Untracked 
|  28|0x0000000592800000, 0x0000000592800000, 0x0000000593000000|  0%| F|  |TAMS 0x0000000592800000| PB 0x0000000592800000| Untracked 
|  29|0x0000000593000000, 0x0000000593000000, 0x0000000593800000|  0%| F|  |TAMS 0x0000000593000000| PB 0x0000000593000000| Untracked 
|  30|0x0000000593800000, 0x0000000593800000, 0x0000000594000000|  0%| F|  |TAMS 0x0000000593800000| PB 0x0000000593800000| Untracked 
|  31|0x0000000594000000, 0x0000000594000000, 0x0000000594800000|  0%| F|  |TAMS 0x0000000594000000| PB 0x0000000594000000| Untracked 
|  32|0x0000000594800000, 0x0000000594800000, 0x0000000595000000|  0%| F|  |TAMS 0x0000000594800000| PB 0x0000000594800000| Untracked 
|  33|0x0000000595000000, 0x0000000595000000, 0x0000000595800000|  0%| F|  |TAMS 0x0000000595000000| PB 0x0000000595000000| Untracked 
|  34|0x0000000595800000, 0x0000000595800000, 0x0000000596000000|  0%| F|  |TAMS 0x0000000595800000| PB 0x0000000595800000| Untracked 
|  35|0x0000000596000000, 0x0000000596000000, 0x0000000596800000|  0%| F|  |TAMS 0x0000000596000000| PB 0x0000000596000000| Untracked 
|  36|0x0000000596800000, 0x0000000596800000, 0x0000000597000000|  0%| F|  |TAMS 0x0000000596800000| PB 0x0000000596800000| Untracked 
|  37|0x0000000597000000, 0x0000000597000000, 0x0000000597800000|  0%| F|  |TAMS 0x0000000597000000| PB 0x0000000597000000| Untracked 
|  38|0x0000000597800000, 0x0000000597800000, 0x0000000598000000|  0%| F|  |TAMS 0x0000000597800000| PB 0x0000000597800000| Untracked 
|  39|0x0000000598000000, 0x0000000598000000, 0x0000000598800000|  0%| F|  |TAMS 0x0000000598000000| PB 0x0000000598000000| Untracked 
|  40|0x0000000598800000, 0x0000000598800000, 0x0000000599000000|  0%| F|  |TAMS 0x0000000598800000| PB 0x0000000598800000| Untracked 
|  41|0x0000000599000000, 0x0000000599000000, 0x0000000599800000|  0%| F|  |TAMS 0x0000000599000000| PB 0x0000000599000000| Untracked 
|  42|0x0000000599800000, 0x0000000599800000, 0x000000059a000000|  0%| F|  |TAMS 0x0000000599800000| PB 0x0000000599800000| Untracked 
|  43|0x000000059a000000, 0x000000059a000000, 0x000000059a800000|  0%| F|  |TAMS 0x000000059a000000| PB 0x000000059a000000| Untracked 
|  44|0x000000059a800000, 0x000000059a800000, 0x000000059b000000|  0%| F|  |TAMS 0x000000059a800000| PB 0x000000059a800000| Untracked 
|  45|0x000000059b000000, 0x000000059b000000, 0x000000059b800000|  0%| F|  |TAMS 0x000000059b000000| PB 0x000000059b000000| Untracked 
|  46|0x000000059b800000, 0x000000059b800000, 0x000000059c000000|  0%| F|  |TAMS 0x000000059b800000| PB 0x000000059b800000| Untracked 
|  47|0x000000059c000000, 0x000000059c000000, 0x000000059c800000|  0%| F|  |TAMS 0x000000059c000000| PB 0x000000059c000000| Untracked 
|  48|0x000000059c800000, 0x000000059c800000, 0x000000059d000000|  0%| F|  |TAMS 0x000000059c800000| PB 0x000000059c800000| Untracked 
|  49|0x000000059d000000, 0x000000059d000000, 0x000000059d800000|  0%| F|  |TAMS 0x000000059d000000| PB 0x000000059d000000| Untracked 
|  50|0x000000059d800000, 0x000000059d800000, 0x000000059e000000|  0%| F|  |TAMS 0x000000059d800000| PB 0x000000059d800000| Untracked 
|  51|0x000000059e000000, 0x000000059e000000, 0x000000059e800000|  0%| F|  |TAMS 0x000000059e000000| PB 0x000000059e000000| Untracked 
|  52|0x000000059e800000, 0x000000059e800000, 0x000000059f000000|  0%| F|  |TAMS 0x000000059e800000| PB 0x000000059e800000| Untracked 
|  53|0x000000059f000000, 0x000000059f000000, 0x000000059f800000|  0%| F|  |TAMS 0x000000059f000000| PB 0x000000059f000000| Untracked 
|  54|0x000000059f800000, 0x000000059f800000, 0x00000005a0000000|  0%| F|  |TAMS 0x000000059f800000| PB 0x000000059f800000| Untracked 
|  55|0x00000005a0000000, 0x00000005a0000000, 0x00000005a0800000|  0%| F|  |TAMS 0x00000005a0000000| PB 0x00000005a0000000| Untracked 
|  56|0x00000005a0800000, 0x00000005a0800000, 0x00000005a1000000|  0%| F|  |TAMS 0x00000005a0800000| PB 0x00000005a0800000| Untracked 
|  57|0x00000005a1000000, 0x00000005a1000000, 0x00000005a1800000|  0%| F|  |TAMS 0x00000005a1000000| PB 0x00000005a1000000| Untracked 
|  58|0x00000005a1800000, 0x00000005a1800000, 0x00000005a2000000|  0%| F|  |TAMS 0x00000005a1800000| PB 0x00000005a1800000| Untracked 
|  59|0x00000005a2000000, 0x00000005a2000000, 0x00000005a2800000|  0%| F|  |TAMS 0x00000005a2000000| PB 0x00000005a2000000| Untracked 
|  60|0x00000005a2800000, 0x00000005a2800000, 0x00000005a3000000|  0%| F|  |TAMS 0x00000005a2800000| PB 0x00000005a2800000| Untracked 
|  61|0x00000005a3000000, 0x00000005a3000000, 0x00000005a3800000|  0%| F|  |TAMS 0x00000005a3000000| PB 0x00000005a3000000| Untracked 
|  62|0x00000005a3800000, 0x00000005a3800000, 0x00000005a4000000|  0%| F|  |TAMS 0x00000005a3800000| PB 0x00000005a3800000| Untracked 
|  63|0x00000005a4000000, 0x00000005a4000000, 0x00000005a4800000|  0%| F|  |TAMS 0x00000005a4000000| PB 0x00000005a4000000| Untracked 
|  64|0x00000005a4800000, 0x00000005a4800000, 0x00000005a5000000|  0%| F|  |TAMS 0x00000005a4800000| PB 0x00000005a4800000| Untracked 
|  65|0x00000005a5000000, 0x00000005a5000000, 0x00000005a5800000|  0%| F|  |TAMS 0x00000005a5000000| PB 0x00000005a5000000| Untracked 
|  66|0x00000005a5800000, 0x00000005a5800000, 0x00000005a6000000|  0%| F|  |TAMS 0x00000005a5800000| PB 0x00000005a5800000| Untracked 
|  67|0x00000005a6000000, 0x00000005a6000000, 0x00000005a6800000|  0%| F|  |TAMS 0x00000005a6000000| PB 0x00000005a6000000| Untracked 
|  68|0x00000005a6800000, 0x00000005a6800000, 0x00000005a7000000|  0%| F|  |TAMS 0x00000005a6800000| PB 0x00000005a6800000| Untracked 
|  69|0x00000005a7000000, 0x00000005a7000000, 0x00000005a7800000|  0%| F|  |TAMS 0x00000005a7000000| PB 0x00000005a7000000| Untracked 
|  70|0x00000005a7800000, 0x00000005a7800000, 0x00000005a8000000|  0%| F|  |TAMS 0x00000005a7800000| PB 0x00000005a7800000| Untracked 
|  71|0x00000005a8000000, 0x00000005a8000000, 0x00000005a8800000|  0%| F|  |TAMS 0x00000005a8000000| PB 0x00000005a8000000| Untracked 
|  72|0x00000005a8800000, 0x00000005a8800000, 0x00000005a9000000|  0%| F|  |TAMS 0x00000005a8800000| PB 0x00000005a8800000| Untracked 
|  73|0x00000005a9000000, 0x00000005a9000000, 0x00000005a9800000|  0%| F|  |TAMS 0x00000005a9000000| PB 0x00000005a9000000| Untracked 
|  74|0x00000005a9800000, 0x00000005a9800000, 0x00000005aa000000|  0%| F|  |TAMS 0x00000005a9800000| PB 0x00000005a9800000| Untracked 
|  75|0x00000005aa000000, 0x00000005aa000000, 0x00000005aa800000|  0%| F|  |TAMS 0x00000005aa000000| PB 0x00000005aa000000| Untracked 
|  76|0x00000005aa800000, 0x00000005aa800000, 0x00000005ab000000|  0%| F|  |TAMS 0x00000005aa800000| PB 0x00000005aa800000| Untracked 
|  77|0x00000005ab000000, 0x00000005ab000000, 0x00000005ab800000|  0%| F|  |TAMS 0x00000005ab000000| PB 0x00000005ab000000| Untracked 
|  78|0x00000005ab800000, 0x00000005ab800000, 0x00000005ac000000|  0%| F|  |TAMS 0x00000005ab800000| PB 0x00000005ab800000| Untracked 
|  79|0x00000005ac000000, 0x00000005ac5c2bc8, 0x00000005ac800000| 72%| E|  |TAMS 0x00000005ac000000| PB 0x00000005ac000000| Complete 

Card table byte_map: [0x0000019756760000,0x0000019757b40000] _byte_map_base: 0x0000019753b3c000

Marking Bits: (CMBitMap*) 0x000001973a581f70
 Bits: [0x0000019758f20000, 0x0000019762e00000)

Polling page: 0x000001973a5b0000

Metaspace:

Usage:
  Non-class:    495.97 KB used.
      Class:     30.77 KB used.
       Both:    526.73 KB used.

Virtual space:
  Non-class space:       64.00 MB reserved,     576.00 KB ( <1%) committed,  1 nodes.
      Class space:        1.00 GB reserved,     128.00 KB ( <1%) committed,  1 nodes.
             Both:        1.06 GB reserved,     704.00 KB ( <1%) committed. 

Chunk freelists:
   Non-Class:  3.97 MB
       Class:  3.73 MB
        Both:  7.70 MB

MaxMetaspaceSize: unlimited
CompressedClassSpaceSize: 1.00 GB
Initial GC threshold: 21.00 MB
Current GC threshold: 21.00 MB
CDS: on
MetaspaceReclaimPolicy: balanced
 - commit_granule_bytes: 65536.
 - commit_granule_words: 8192.
 - virtual_space_node_default_size: 8388608.
 - enlarge_chunks_in_place: 1.
 - new_chunks_are_fully_committed: 0.
 - uncommit_free_chunks: 1.
 - use_allocation_guard: 0.


Internal statistics:

num_allocs_failed_limit: 0.
num_arena_births: 22.
num_arena_deaths: 0.
num_vsnodes_births: 2.
num_vsnodes_deaths: 0.
num_space_committed: 11.
num_space_uncommitted: 0.
num_chunks_returned_to_freelist: 0.
num_chunks_taken_from_freelist: 27.
num_chunk_merges: 0.
num_chunk_splits: 16.
num_chunks_enlarged: 10.
num_inconsistent_stats: 0.

CodeHeap 'non-profiled nmethods': size=120000Kb used=69Kb max_used=69Kb free=119930Kb
 bounds [0x000001974d1c0000, 0x000001974d430000, 0x00000197546f0000]
CodeHeap 'profiled nmethods': size=120000Kb used=183Kb max_used=183Kb free=119816Kb
 bounds [0x00000197456f0000, 0x0000019745960000, 0x000001974cc20000]
CodeHeap 'non-nmethods': size=5760Kb used=1344Kb max_used=1344Kb free=4415Kb
 bounds [0x000001974cc20000, 0x000001974ce90000, 0x000001974d1c0000]
 total_blobs=585 nmethods=186 adapters=310
 compilation: enabled
              stopped_count=0, restarted_count=0
 full_count=0

Compilation events (20 events):
Event: 0.083 Thread 0x00000197aac1da00  179       3       java.lang.StringBuilder::append (8 bytes)
Event: 0.083 Thread 0x00000197aac1da00 nmethod 179 0x000001974571a290 code [0x000001974571a420, 0x000001974571a568]
Event: 0.083 Thread 0x00000197aac1da00  180       3       java.lang.AbstractStringBuilder::append (45 bytes)
Event: 0.084 Thread 0x00000197aac1da00 nmethod 180 0x000001974571a610 code [0x000001974571a800, 0x000001974571ad30]
Event: 0.084 Thread 0x00000197aac1da00  177       3       java.lang.AbstractStringBuilder::putStringAt (19 bytes)
Event: 0.084 Thread 0x00000197aac1da00 nmethod 177 0x000001974571af90 code [0x000001974571b140, 0x000001974571b418]
Event: 0.084 Thread 0x00000197aac1da00  178       3       java.lang.AbstractStringBuilder::inflateIfNeededFor (22 bytes)
Event: 0.084 Thread 0x00000197aac1da00 nmethod 178 0x000001974571b590 code [0x000001974571b740, 0x000001974571b950]
Event: 0.084 Thread 0x00000197aac1da00  181       3       java.lang.String::isEmpty (14 bytes)
Event: 0.084 Thread 0x00000197aac1da00 nmethod 181 0x000001974571ba90 code [0x000001974571bc20, 0x000001974571bd98]
Event: 0.086 Thread 0x00000197aac1da00  182       3       java.lang.StringLatin1::newString (24 bytes)
Event: 0.086 Thread 0x00000197aac1da00 nmethod 182 0x000001974571be90 code [0x000001974571c040, 0x000001974571c360]
Event: 0.090 Thread 0x00000197aac1da00  183       3       java.lang.StringUTF16::getChar (60 bytes)
Event: 0.090 Thread 0x00000197aac1da00 nmethod 183 0x000001974571c490 code [0x000001974571c620, 0x000001974571c790]
Event: 0.090 Thread 0x00000197aac1da00  184       3       java.lang.invoke.MethodType::methodType (69 bytes)
Event: 0.090 Thread 0x00000197aac1da00 nmethod 184 0x000001974571c890 code [0x000001974571ca80, 0x000001974571cf60]
Event: 0.090 Thread 0x00000197aac1da00  186       3       java.lang.String::charAt (25 bytes)
Event: 0.091 Thread 0x00000197aac1da00 nmethod 186 0x000001974571d110 code [0x000001974571d300, 0x000001974571d860]
Event: 0.091 Thread 0x00000197aac1da00  185       3       java.lang.System::getSecurityManager (12 bytes)
Event: 0.091 Thread 0x00000197aac1da00 nmethod 185 0x000001974571db10 code [0x000001974571dca0, 0x000001974571de10]

GC Heap History (0 events):
No events

Dll operation events (8 events):
Event: 0.008 Loaded shared library C:\Users\Zain.Badaruddin\.jdks\liberica-20.0.2\bin\java.dll
Event: 0.026 Loaded shared library C:\Users\Zain.Badaruddin\.jdks\liberica-20.0.2\bin\jsvml.dll
Event: 0.067 Loaded shared library C:\Users\Zain.Badaruddin\.jdks\liberica-20.0.2\bin\zip.dll
Event: 0.070 Loaded shared library C:\Users\Zain.Badaruddin\.jdks\liberica-20.0.2\bin\instrument.dll
Event: 0.075 Loaded shared library C:\Users\Zain.Badaruddin\.jdks\liberica-20.0.2\bin\net.dll
Event: 0.077 Loaded shared library C:\Users\Zain.Badaruddin\.jdks\liberica-20.0.2\bin\nio.dll
Event: 0.080 Loaded shared library C:\Users\Zain.Badaruddin\.jdks\liberica-20.0.2\bin\zip.dll
Event: 0.086 Loaded shared library D:\IntelliJ IDEA 2021.1.3\bin\breakgen64.dll

Deoptimization events (4 events):
Event: 0.090 Thread 0x000001973a505fb0 Uncommon trap: trap_request=0xffffff45 fr.pc=0x000001974d1d08b4 relative=0x00000000000000b4
Event: 0.090 Thread 0x000001973a505fb0 Uncommon trap: reason=unstable_if action=reinterpret pc=0x000001974d1d08b4 method=java.lang.String.isLatin1()Z @ 10 c2
Event: 0.090 Thread 0x000001973a505fb0 DEOPT PACKING pc=0x000001974d1d08b4 sp=0x0000001587afef30
Event: 0.090 Thread 0x000001973a505fb0 DEOPT UNPACKING pc=0x000001974cc89d22 sp=0x0000001587afee70 mode 2

Classes loaded (20 events):
Event: 0.086 Loading class java/io/Reader
Event: 0.086 Loading class java/io/Reader done
Event: 0.086 Loading class java/io/InputStreamReader
Event: 0.086 Loading class java/io/InputStreamReader done
Event: 0.087 Loading class java/net/Socket
Event: 0.088 Loading class java/lang/WeakPairMap$Pair$Weak
Event: 0.088 Loading class java/lang/WeakPairMap$WeakRefPeer
Event: 0.088 Loading class java/lang/WeakPairMap$WeakRefPeer done
Event: 0.088 Loading class java/lang/WeakPairMap$Pair$Weak done
Event: 0.088 Loading class java/lang/WeakPairMap$Pair$Weak$1
Event: 0.088 Loading class java/lang/WeakPairMap$Pair$Weak$1 done
Event: 0.089 Loading class jdk/internal/vm/PostVMInitHook
Event: 0.089 Loading class jdk/internal/vm/PostVMInitHook done
Event: 0.089 Loading class java/net/Socket done
Event: 0.090 Loading class java/net/InetSocketAddress
Event: 0.090 Loading class java/net/SocketAddress
Event: 0.090 Loading class jdk/internal/loader/URLClassPath$FileLoader$1
Event: 0.090 Loading class java/net/SocketAddress done
Event: 0.090 Loading class java/net/InetSocketAddress done
Event: 0.090 Loading class jdk/internal/loader/URLClassPath$FileLoader$1 done

Classes unloaded (0 events):
No events

Classes redefined (1 events):
Event: 0.089 Thread 0x0000019762fe2cc0 redefined class name=java.io.FileOutputStream, count=1

Internal exceptions (2 events):
Event: 0.081 Thread 0x000001973a505fb0 Exception <a 'java/lang/NoSuchMethodError'{0x00000005ac3e2808}: 'void java.lang.invoke.DirectMethodHandle$Holder.invokeStatic(java.lang.Object, java.lang.Object, java.lang.Object)'> (0x00000005ac3e2808) 
thrown [s\src\hotspot\share\interpreter\linkResolver.cpp, line 773]
Event: 0.083 Thread 0x000001973a505fb0 Exception <a 'java/lang/NoSuchMethodError'{0x00000005ac3f9d10}: 'java.lang.Object java.lang.invoke.Invokers$Holder.invokeExact_MT(java.lang.Object, java.lang.Object, java.lang.Object, java.lang.Object, java.lang.Object)'> (0x00000005ac3f9d10) 
thrown [s\src\hotspot\share\interpreter\linkResolver.cpp, line 773]

VM Operations (6 events):
Event: 0.058 Executing VM operation: HandshakeAllThreads
Event: 0.058 Executing VM operation: HandshakeAllThreads done
Event: 0.088 Executing VM operation: RedefineClasses
Event: 0.089 Executing VM operation: RedefineClasses done
Event: 0.091 Executing VM operation: HandshakeAllThreads
Event: 0.091 Executing VM operation: HandshakeAllThreads done

Events (17 events):
Event: 0.026 Thread 0x000001973a505fb0 Thread added: 0x000001973a505fb0
Event: 0.036 Thread 0x00000197aac0fa00 Thread added: 0x00000197aac0fa00
Event: 0.036 Thread 0x00000197aac10700 Thread added: 0x00000197aac10700
Event: 0.036 Thread 0x00000197aac13570 Thread added: 0x00000197aac13570
Event: 0.036 Thread 0x00000197aac140b0 Thread added: 0x00000197aac140b0
Event: 0.036 Thread 0x00000197aac16b00 Thread added: 0x00000197aac16b00
Event: 0.036 Thread 0x00000197aac17440 Thread added: 0x00000197aac17440
Event: 0.036 Thread 0x00000197aac180b0 Thread added: 0x00000197aac180b0
Event: 0.036 Thread 0x00000197aac1da00 Thread added: 0x00000197aac1da00
Event: 0.054 Thread 0x0000019762fc7140 Thread added: 0x0000019762fc7140
Event: 0.062 Thread 0x00000197aad50160 Thread added: 0x00000197aad50160
Event: 0.086 Thread 0x00000197aaed0760 Thread added: 0x00000197aaed0760
Event: 0.089 Thread 0x00000197aae4bc40 Thread added: 0x00000197aae4bc40
Event: 0.091 Thread 0x000001973a505fb0 Thread exited: 0x000001973a505fb0
Event: 0.091 Thread 0x000001973a505fb0 Thread added: 0x000001973a505fb0
Event: 0.092 Thread 0x000001973a505fb0 Thread exited: 0x000001973a505fb0
Event: 0.092 Thread 0x00000197aac13570 Thread exited: 0x00000197aac13570


Dynamic libraries:
0x00007ff657710000 - 0x00007ff65771e000 	C:\Users\Zain.Badaruddin\.jdks\liberica-20.0.2\bin\java.exe
0x00007ffef6170000 - 0x00007ffef6367000 	C:\Windows\SYSTEM32\ntdll.dll
0x00007ffef5ed0000 - 0x00007ffef5f8d000 	C:\Windows\System32\KERNEL32.DLL
0x00007ffef5bd0000 - 0x00007ffef5ec6000 	C:\Windows\System32\KERNELBASE.dll
0x0000000072790000 - 0x00000000727cb000 	C:\Windows\System32\cyinjct.dll
0x00007ffef5a50000 - 0x00007ffef5a5c000 	C:\Windows\System32\ntnativeapi.dll
0x00007ffee76e0000 - 0x00007ffee76f7000 	C:\Users\Zain.Badaruddin\.jdks\liberica-20.0.2\bin\jli.dll
0x000001973a180000 - 0x000001973a31e000 	C:\Windows\System32\USER32.dll
0x00007ffef38e0000 - 0x00007ffef3902000 	C:\Windows\System32\win32u.dll
0x00007ffef5340000 - 0x00007ffef536c000 	C:\Windows\System32\GDI32.dll
0x00007ffef37c0000 - 0x00007ffef38da000 	C:\Windows\System32\gdi32full.dll
0x00007ffef3ab0000 - 0x00007ffef3b4d000 	C:\Windows\System32\msvcp_win.dll
0x000001973a320000 - 0x000001973a420000 	C:\Windows\System32\ucrtbase.dll
0x00007ffee72f0000 - 0x00007ffee730b000 	C:\Users\Zain.Badaruddin\.jdks\liberica-20.0.2\bin\VCRUNTIME140.dll
0x00007ffedd670000 - 0x00007ffedd90a000 	C:\Windows\WinSxS\amd64_microsoft.windows.common-controls_6595b64144ccf1df_6.0.19041.3570_none_60bb2a3971f3e41a\COMCTL32.dll
0x00007ffef51c0000 - 0x00007ffef525e000 	C:\Windows\System32\msvcrt.dll
0x00007ffef5a30000 - 0x00007ffef5a4e000 	C:\Windows\System32\cyvera.dll
0x00007ffef59c0000 - 0x00007ffef5a2b000 	C:\Windows\System32\cyvrtrap.dll
0x00007ffef4bb0000 - 0x00007ffef4be0000 	C:\Windows\System32\IMM32.DLL
0x00007ffee7770000 - 0x00007ffee777c000 	C:\Users\Zain.Badaruddin\.jdks\liberica-20.0.2\bin\vcruntime140_1.dll
0x00007ffee6fd0000 - 0x00007ffee705e000 	C:\Users\Zain.Badaruddin\.jdks\liberica-20.0.2\bin\msvcp140.dll
0x00007ffe891d0000 - 0x00007ffe89eeb000 	C:\Users\Zain.Badaruddin\.jdks\liberica-20.0.2\bin\server\jvm.dll
0x00007ffef5370000 - 0x00007ffef541e000 	C:\Windows\System32\ADVAPI32.dll
0x00007ffef5420000 - 0x00007ffef54bc000 	C:\Windows\System32\sechost.dll
0x00007ffef5aa0000 - 0x00007ffef5bc6000 	C:\Windows\System32\RPCRT4.dll
0x00007ffeefc50000 - 0x00007ffeefc59000 	C:\Windows\SYSTEM32\WSOCK32.dll
0x00007ffef5910000 - 0x00007ffef597b000 	C:\Windows\System32\WS2_32.dll
0x00007ffef1c20000 - 0x00007ffef1c47000 	C:\Windows\SYSTEM32\WINMM.dll
0x00007ffedae90000 - 0x00007ffedae9a000 	C:\Windows\SYSTEM32\VERSION.dll
0x00007ffef1fb0000 - 0x00007ffef1fc2000 	C:\Windows\SYSTEM32\kernel.appcore.dll
0x00007ffee76d0000 - 0x00007ffee76da000 	C:\Users\Zain.Badaruddin\.jdks\liberica-20.0.2\bin\jimage.dll
0x00007ffef1a30000 - 0x00007ffef1c14000 	C:\Windows\SYSTEM32\DBGHELP.DLL
0x00007ffef19f0000 - 0x00007ffef1a24000 	C:\Windows\SYSTEM32\dbgcore.DLL
0x00007ffef3730000 - 0x00007ffef37b2000 	C:\Windows\System32\bcryptPrimitives.dll
0x00007ffee73c0000 - 0x00007ffee73ce000 	C:\Users\Zain.Badaruddin\.jdks\liberica-20.0.2\bin\instrument.dll
0x00007ffee71e0000 - 0x00007ffee7206000 	C:\Users\Zain.Badaruddin\.jdks\liberica-20.0.2\bin\java.dll
0x00007ffef5980000 - 0x00007ffef59b7000 	C:\Program Files\Palo Alto Networks\Traps\cyjagent.dll
0x00007ffed5850000 - 0x00007ffed5927000 	C:\Users\Zain.Badaruddin\.jdks\liberica-20.0.2\bin\jsvml.dll
0x00007ffef3e10000 - 0x00007ffef4554000 	C:\Windows\System32\SHELL32.dll
0x00007ffef0e40000 - 0x00007ffef15db000 	C:\Windows\SYSTEM32\windows.storage.dll
0x00007ffef55a0000 - 0x00007ffef58f4000 	C:\Windows\System32\combase.dll
0x00007ffef30a0000 - 0x00007ffef30cd000 	C:\Windows\SYSTEM32\Wldp.dll
0x00007ffef4560000 - 0x00007ffef460d000 	C:\Windows\System32\SHCORE.dll
0x00007ffef46e0000 - 0x00007ffef4735000 	C:\Windows\System32\shlwapi.dll
0x00007ffef3660000 - 0x00007ffef3685000 	C:\Windows\SYSTEM32\profapi.dll
0x00007ffee7110000 - 0x00007ffee7128000 	C:\Users\Zain.Badaruddin\.jdks\liberica-20.0.2\bin\zip.dll
0x00007ffee71c0000 - 0x00007ffee71d3000 	C:\Users\Zain.Badaruddin\.jdks\liberica-20.0.2\bin\net.dll
0x00007ffef2690000 - 0x00007ffef279a000 	C:\Windows\SYSTEM32\WINHTTP.dll
0x00007ffef2e00000 - 0x00007ffef2e6a000 	C:\Windows\system32\mswsock.dll
0x00007ffee71a0000 - 0x00007ffee71b6000 	C:\Users\Zain.Badaruddin\.jdks\liberica-20.0.2\bin\nio.dll
0x00007ffee6fb0000 - 0x00007ffee6fca000 	D:\IntelliJ IDEA 2021.1.3\bin\breakgen64.dll

dbghelp: loaded successfully - version: 4.0.5 - missing functions: none
symbol engine: initialized successfully - sym options: 0x614 - pdb path: .;C:\Users\Zain.Badaruddin\.jdks\liberica-20.0.2\bin;C:\Windows\SYSTEM32;C:\Windows\WinSxS\amd64_microsoft.windows.common-controls_6595b64144ccf1df_6.0.19041.3570_none_60bb2a3971f3e41a;C:\Users\Zain.Badaruddin\.jdks\liberica-20.0.2\bin\server;C:\Program Files\Palo Alto Networks\Traps;D:\IntelliJ IDEA 2021.1.3\bin

VM Arguments:
jvm_args: -javaagent:D:\IntelliJ IDEA 2021.1.3\lib\idea_rt.jar=54483:D:\IntelliJ IDEA 2021.1.3\bin -Dfile.encoding=UTF-8 -Dsun.stdout.encoding=UTF-8 -Dsun.stderr.encoding=UTF-8 -agentpath:C:\Program Files\Palo Alto Networks\Traps\cyjagent.dll 
java_command: NumberMagic
java_class_path (initial): C:\Users\Zain.Badaruddin\IdeaProjects\practiceProject\out\production\practiceProject
Launcher Type: SUN_STANDARD

[Global flags]
     intx CICompilerCount                          = 4                                         {product} {ergonomic}
     uint ConcGCThreads                            = 3                                         {product} {ergonomic}
     uint G1ConcRefinementThreads                  = 10                                        {product} {ergonomic}
   size_t G1HeapRegionSize                         = 8388608                                   {product} {ergonomic}
    uintx GCDrainStackTargetSize                   = 64                                        {product} {ergonomic}
   size_t InitialHeapSize                          = 671088640                                 {product} {ergonomic}
   size_t MarkStackSize                            = 4194304                                   {product} {ergonomic}
   size_t MaxHeapSize                              = 10661920768                               {product} {ergonomic}
   size_t MaxNewSize                               = 6392119296                                {product} {ergonomic}
   size_t MinHeapDeltaBytes                        = 8388608                                   {product} {ergonomic}
   size_t MinHeapSize                              = 8388608                                   {product} {ergonomic}
    uintx NonNMethodCodeHeapSize                   = 5839372                                {pd product} {ergonomic}
    uintx NonProfiledCodeHeapSize                  = 122909434                              {pd product} {ergonomic}
    uintx ProfiledCodeHeapSize                     = 122909434                              {pd product} {ergonomic}
    uintx ReservedCodeCacheSize                    = 251658240                              {pd product} {ergonomic}
     bool SegmentedCodeCache                       = true                                      {product} {ergonomic}
   size_t SoftMaxHeapSize                          = 10661920768                            {manageable} {ergonomic}
     bool UseCompressedClassPointers               = true                           {product lp64_product} {ergonomic}
     bool UseCompressedOops                        = true                           {product lp64_product} {ergonomic}
     bool UseG1GC                                  = true                                      {product} {ergonomic}
     bool UseLargePagesIndividualAllocation        = false                                  {pd product} {ergonomic}

Logging:
Log output configuration:
 #0: stdout all=warning uptime,level,tags foldmultilines=false
 #1: stderr all=off uptime,level,tags foldmultilines=false

Environment Variables:
PATH=C:\Program Files\Common Files\Oracle\Java\javapath;C:\Windows\system32;C:\Windows;C:\Windows\System32\Wbem;C:\Windows\System32\WindowsPowerShell\v1.0\;C:\Windows\System32\OpenSSH\;D:\SDK\platform-tools;D:\SDK;C:\Program Files (x86)\Microsoft SQL Server\150\Tools\Binn\;C:\Program Files\Microsoft SQL Server\150\Tools\Binn\;C:\Program Files (x86)\Microsoft SQL Server\150\DTS\Binn\;C:\Program Files\Microsoft SQL Server\150\DTS\Binn\;C:\Program Files\Microsoft SQL Server\Client SDK\ODBC\170\Tools\Binn\;C:\Program Files (x86)\Microsoft SQL Server\160\DTS\Binn\;C:\Program Files\Azure Data Studio\bin;C:\Program Files\Git\cmd;C:\Program Files\nodejs\;C:\Program Files\MongoDB\Server\6.0\bin;D:\flutter\bin;D:\Java\jdk1.8.0_291\bin;C:\Users\Zain.Badaruddin\AppData\Local\Microsoft\WindowsApps;C:\Users\Zain.Badaruddin\AppData\Local\Programs\Microsoft VS Code\bin;D:\SDK;C:\Program Files\Azure Data Studio\bin;C:\Users\Zain.Badaruddin\AppData\Roaming\npm;C:\Program Files\MongoDB\Server\6.0\bin;D:\flutter\bin;
USERNAME=Zain.Badaruddin
OS=Windows_NT
PROCESSOR_IDENTIFIER=Intel64 Family 6 Model 154 Stepping 4, GenuineIntel
TMP=C:\Users\ZAIN~1.BAD\AppData\Local\Temp
TEMP=C:\Users\ZAIN~1.BAD\AppData\Local\Temp




---------------  S Y S T E M  ---------------

OS:
 Windows 10 , 64 bit Build 19041 (10.0.19041.3570)
OS uptime: 4 days 7:07 hours

CPU: total 12 (initial active 12) (6 cores per cpu, 2 threads per core) family 6 model 154 stepping 4 microcode 0x429, cx8, cmov, fxsr, ht, mmx, 3dnowpref, sse, sse2, sse3, ssse3, sse4.1, sse4.2, popcnt, lzcnt, tsc, tscinvbit, avx, avx2, aes, erms, clmul, bmi1, bmi2, adx, sha, fma, vzeroupper, clflush, clflushopt, clwb, serialize, rdtscp, rdpid, fsrm, f16c, pku, cet_ibt, cet_ss

Memory: 4k page, system-wide physical 40643M (23225M free)
TotalPageFile size 46531M (AvailPageFile size 26590M)
current process WorkingSet (physical memory assigned to process): 40M, peak: 40M
current process commit charge ("private bytes"): 740M, peak: 741M

vm_info: OpenJDK 64-Bit Server VM (20.0.2+10) for windows-amd64 JRE (20.0.2+10), built on 2023-07-20T00:47:43Z by "" with MS VC++ 17.1 (VS2022)

END.
