#
# A fatal error has been detected by the Java Runtime Environment:
#
#  EXCEPTION_ACCESS_VIOLATION (0xc0000005) at pc=0x00007ffb280ac224, pid=4088, tid=15372
#
# JRE version: OpenJDK Runtime Environment (20.0.2+10) (build 20.0.2+10)
# Java VM: OpenJDK 64-Bit Server VM (20.0.2+10, mixed mode, sharing, tiered, compressed oops, compressed class ptrs, g1 gc, windows-amd64)
# Problematic frame:
# C  [cyjagent.dll+0xc224]
#
# No core dump will be written. Minidumps are not enabled by default on client versions of Windows
#
# If you would like to submit a bug report, please visit:
#   https://bell-sw.com/support
# The crash happened outside the Java Virtual Machine in native code.
# See problematic frame for where to report the bug.
#

---------------  S U M M A R Y ------------

Command Line: -javaagent:D:\IntelliJ IDEA 2021.1.3\lib\idea_rt.jar=50174:D:\IntelliJ IDEA 2021.1.3\bin -Dfile.encoding=UTF-8 -Dsun.stdout.encoding=UTF-8 -Dsun.stderr.encoding=UTF-8 -agentpath:C:\Program Files\Palo Alto Networks\Traps\cyjagent.dll PerfectNumberChecker

Host: 12th Gen Intel(R) Core(TM) i7-1255U, 12 cores, 39G,  Windows 10 , 64 bit Build 19041 (10.0.19041.3636)
Time: Fri Dec  8 18:24:53 2023 Pakistan Standard Time elapsed time: 0.108422 seconds (0d 0h 0m 0s)

---------------  T H R E A D  ---------------

Current thread (0x000001fe7564af50):  JavaThread "Monitor Ctrl-Break" daemon [_thread_in_native, id=15372, stack(0x000000f988e00000,0x000000f988f00000)]

Stack: [0x000000f988e00000,0x000000f988f00000],  sp=0x000000f988efda60,  free space=1014k
Native frames: (J=compiled Java code, j=interpreted, Vv=VM code, C=native code)
C  [cyjagent.dll+0xc224]

Java frames: (J=compiled Java code, j=interpreted, Vv=VM code)
j  java.net.InetAddress.init()V+0 java.base@20.0.2
j  java.net.InetAddress.<clinit>()V+43 java.base@20.0.2
v  ~StubRoutines::call_stub 0x000001fe1723100d
j  java.net.InetSocketAddress.<init>(Ljava/lang/String;I)V+15 java.base@20.0.2
j  java.net.Socket.<init>(Ljava/lang/String;I)V+11 java.base@20.0.2
j  com.intellij.rt.execution.application.AppMainV2$1.run()V+10
v  ~StubRoutines::call_stub 0x000001fe1723100d

siginfo: EXCEPTION_ACCESS_VIOLATION (0xc0000005), reading address 0x0000000000000000


Registers:
RAX=0x0000000000000000, RBX=0x000001fe7564b230, RCX=0x0000000000000000, RDX=0x000001fe044df4f0
RSP=0x000000f988efda60, RBP=0x000001fe0fcef8d0, RSI=0x0000000000000000, RDI=0x000001fe7547ed10
R8 =0x000000f988efd8d8, R9 =0x000001fe0fcef8d0, R10=0x0000000000000000, R11=0x0000000000000246
R12=0x000001fe7547ed10, R13=0x0000000000000000, R14=0x000001fe7564af50, R15=0x0000000000000000
RIP=0x00007ffb280ac224, EFLAGS=0x0000000000010202


Register to memory mapping:

RIP=0x00007ffb280ac224 cyjagent.dll
RAX=0x0 is NULL
RBX=0x000001fe7564b230 points into unknown readable memory: 0x00007ffa8f54b980 | 80 b9 54 8f fa 7f 00 00
RCX=0x0 is NULL
RDX=0x000001fe044df4f0 points into unknown readable memory: 0x000001fe7564af50 | 50 af 64 75 fe 01 00 00
RSP=0x000000f988efda60 is pointing into the stack for thread: 0x000001fe7564af50
RBP=0x000001fe0fcef8d0 points into unknown readable memory: 0x000001fe0fc49ac0 | c0 9a c4 0f fe 01 00 00
RSI=0x0 is NULL
RDI=0x000001fe7547ed10 points into unknown readable memory: 0x74656e2f6176616a | 6a 61 76 61 2f 6e 65 74
R8 =0x000000f988efd8d8 is pointing into the stack for thread: 0x000001fe7564af50
R9 =0x000001fe0fcef8d0 points into unknown readable memory: 0x000001fe0fc49ac0 | c0 9a c4 0f fe 01 00 00
R10=0x0 is NULL
R11=0x0000000000000246 is an unknown value
R12=0x000001fe7547ed10 points into unknown readable memory: 0x74656e2f6176616a | 6a 61 76 61 2f 6e 65 74
R13=0x0 is NULL
R14=0x000001fe7564af50 is a thread
R15=0x0 is NULL


Top of Stack: (sp=0x000000f988efda60)
0x000000f988efda60:   000001fe7547ed10 000001fe7564b230
0x000000f988efda70:   0000000000000000 00007ffa8edfd0c2
0x000000f988efda80:   0000000000000000 0000000000000000
0x000000f988efda90:   000001fe3095b128 000001fe0fcef8d0
0x000000f988efdaa0:   0000000000000026 000000f988efdc80
0x000000f988efdab0:   000001fe045ab140 0000000000000000
0x000000f988efdac0:   000000f988efdcb8 00007ffa8ef1498e
0x000000f988efdad0:   000001fe045ab140 0000000000000000
0x000000f988efdae0:   000000f988efdc80 00000000000004bf
0x000000f988efdaf0:   000001fe7547ed10 0000000000000000
0x000000f988efdb00:   000001fe000004bf 000001fe7547e820
0x000000f988efdb10:   000000f988efdc08 000000f988efdb28
0x000000f988efdb20:   0000000000000000 0000000000000000
0x000000f988efdb30:   0000000000000000 00007ffb2834507d
0x000000f988efdb40:   000001fe756473e0 000001fe7547e810
0x000000f988efdb50:   000001fe7547ed38 000001fe754867f8
0x000000f988efdb60:   00000000000083b0 000001fe7564af50
0x000000f988efdb70:   000001fe7564af50 000001fe75646d20
0x000000f988efdb80:   000001fe2d56b2a0 000001fe2d56b2c0
0x000000f988efdb90:   000001fe2d56b388 00000000000000d8
0x000000f988efdba0:   000000f988efe200 0000000000001dfb
0x000000f988efdbb0:   0000000000000068 0000000000000000
0x000000f988efdbc0:   0000000000000003 000001fe045ab140
0x000000f988efdbd0:   000000f988efdc80 000001fe30655a98
0x000000f988efdbe0:   0000000000000028 00007ffa8ef0c562
0x000000f988efdbf0:   000001fe7540d701 00007ffb0eb42632
0x000000f988efdc00:   000001fe75647301 0000000000000000
0x000000f988efdc10:   000001fe30655a98 000001fe3095b128
0x000000f988efdc20:   000001fe3095b128 000001fe7540d760
0x000000f988efdc30:   0000000000000000 00007ffa8ef0c65b
0x000000f988efdc40:   000000f988efdd40 0000000000000000
0x000000f988efdc50:   0000000000000000 000001fe7540d760 

Instructions: (pc=0x00007ffb280ac224)
0x00007ffb280ac124:   00 00 03 72 2d 44 8b ce 48 8d 05 dd df 01 00 ba
0x00007ffb280ac134:   2f 00 00 00 4e 8b 0c c8 48 8b 89 f0 02 00 00 4c
0x00007ffb280ac144:   8d 05 f6 de 01 00 e8 f1 4f ff ff 48 8b 0d 8a 38
0x00007ffb280ac154:   02 00 48 3b cb 74 68 f6 81 fc 02 00 00 10 74 5f
0x00007ffb280ac164:   80 b9 f9 02 00 00 02 72 56 4c 8b 8c 24 90 00 00
0x00007ffb280ac174:   00 4c 8d 05 c4 de 01 00 48 8b 89 f0 02 00 00 ba
0x00007ffb280ac184:   31 00 00 00 e8 b3 4f ff ff eb 34 49 8b 0f 4c 8b
0x00007ffb280ac194:   c3 48 8b d6 e8 d3 63 00 00 48 8b 84 24 b0 00 00
0x00007ffb280ac1a4:   00 89 18 48 8b 0d 0a 4c 02 00 4c 8b c6 33 d2 ff
0x00007ffb280ac1b4:   15 0f 50 01 00 eb 08 a8 02 75 04 c6 47 40 01 b8
0x00007ffb280ac1c4:   ff ff ff ff f0 0f c1 47 10 4c 8b b4 24 88 00 00
0x00007ffb280ac1d4:   00 83 f8 01 75 42 48 8b 4f 18 48 81 c1 70 01 00
0x00007ffb280ac1e4:   00 ff 15 bd 50 01 00 48 8b 0f 48 8b 47 08 48 89
0x00007ffb280ac1f4:   08 48 89 41 08 48 8b 4f 18 48 81 c1 70 01 00 00
0x00007ffb280ac204:   ff 15 a6 50 01 00 48 8b 0d a7 4b 02 00 4c 8b c7
0x00007ffb280ac214:   33 d2 ff 15 ac 4f 01 00 48 8b 4d 20 48 8b 55 10
0x00007ffb280ac224:   48 8b 01 48 8b 80 08 01 00 00 ff 15 ac 50 01 00
0x00007ffb280ac234:   85 c0 74 40 48 8b 0d a1 37 02 00 48 8d 15 9a 37
0x00007ffb280ac244:   02 00 48 3b ca 74 2d f6 81 fc 02 00 00 10 74 24
0x00007ffb280ac254:   80 b9 f9 02 00 00 03 72 1b 48 8b 89 f0 02 00 00
0x00007ffb280ac264:   4c 8d 05 d5 dd 01 00 ba 15 00 00 00 44 8b c8 e8
0x00007ffb280ac274:   08 4e ff ff 48 8b 6c 24 78 48 8b b4 24 80 00 00
0x00007ffb280ac284:   00 48 83 c4 50 41 5f 5f 5b c3 cc cc 40 57 48 83
0x00007ffb280ac294:   ec 30 f6 81 78 01 00 00 04 48 8b f9 0f 85 87 02
0x00007ffb280ac2a4:   00 00 48 89 5c 24 40 45 33 c9 48 89 6c 24 48 33
0x00007ffb280ac2b4:   d2 48 89 74 24 50 48 8b 71 20 45 8d 41 32 48 8b
0x00007ffb280ac2c4:   ce 48 8b 06 48 8b 40 08 ff 15 0e 50 01 00 48 8d
0x00007ffb280ac2d4:   2d 07 37 02 00 85 c0 74 37 48 8b 0d fc 36 02 00
0x00007ffb280ac2e4:   48 3b cd 74 2b f6 81 fc 02 00 00 10 74 22 80 b9
0x00007ffb280ac2f4:   f9 02 00 00 02 72 19 48 8b 89 f0 02 00 00 ba 11
0x00007ffb280ac304:   00 00 00 89 44 24 20 44 8d 4a 21 e8 7c dc ff ff
0x00007ffb280ac314:   48 8b 06 45 33 c9 33 d2 48 8b ce 48 8b 40 08 45 


Stack slot to memory mapping:
stack at sp + 0 slots: 0x000001fe7547ed10 points into unknown readable memory: 0x74656e2f6176616a | 6a 61 76 61 2f 6e 65 74
stack at sp + 1 slots: 0x000001fe7564b230 points into unknown readable memory: 0x00007ffa8f54b980 | 80 b9 54 8f fa 7f 00 00
stack at sp + 2 slots: 0x0 is NULL
stack at sp + 3 slots: 0x00007ffa8edfd0c2 jvm.dll
stack at sp + 4 slots: 0x0 is NULL
stack at sp + 5 slots: 0x0 is NULL
stack at sp + 6 slots: 0x000001fe3095b128 is pointing into metadata
stack at sp + 7 slots: 0x000001fe0fcef8d0 points into unknown readable memory: 0x000001fe0fc49ac0 | c0 9a c4 0f fe 01 00 00


---------------  P R O C E S S  ---------------

Threads class SMR info:
_java_thread_list=0x000001fe755f6bc0, length=11, elements={
0x000001fe2d567990, 0x000001fe2d568690, 0x000001fe754040a0, 0x000001fe75406af0,
0x000001fe75407430, 0x000001fe754080a0, 0x000001fe7540aa30, 0x000001fe75519f80,
0x000001fe75540ed0, 0x000001fe7564af50, 0x000001fe75648310
}

Java Threads: ( => current thread )
  0x000001fe2d567990 JavaThread "Reference Handler" daemon [_thread_blocked, id=17456, stack(0x000000f988400000,0x000000f988500000)]
  0x000001fe2d568690 JavaThread "Finalizer" daemon [_thread_blocked, id=11204, stack(0x000000f988500000,0x000000f988600000)]
  0x000001fe754040a0 JavaThread "Attach Listener" daemon [_thread_blocked, id=11720, stack(0x000000f988700000,0x000000f988800000)]
  0x000001fe75406af0 JavaThread "Service Thread" daemon [_thread_blocked, id=8672, stack(0x000000f988800000,0x000000f988900000)]
  0x000001fe75407430 JavaThread "Monitor Deflation Thread" daemon [_thread_blocked, id=17148, stack(0x000000f988900000,0x000000f988a00000)]
  0x000001fe754080a0 JavaThread "C2 CompilerThread0" daemon [_thread_blocked, id=13676, stack(0x000000f988a00000,0x000000f988b00000)]
  0x000001fe7540aa30 JavaThread "C1 CompilerThread0" daemon [_thread_blocked, id=14956, stack(0x000000f988b00000,0x000000f988c00000)]
  0x000001fe75519f80 JavaThread "Common-Cleaner" daemon [_thread_blocked, id=5536, stack(0x000000f988c00000,0x000000f988d00000)]
  0x000001fe75540ed0 JavaThread "C2 CompilerThread1" daemon [_thread_blocked, id=10532, stack(0x000000f988d00000,0x000000f988e00000)]
=>0x000001fe7564af50 JavaThread "Monitor Ctrl-Break" daemon [_thread_in_native, id=15372, stack(0x000000f988e00000,0x000000f988f00000)]
  0x000001fe75648310 JavaThread "Notification Thread" daemon [_thread_blocked, id=18124, stack(0x000000f988f00000,0x000000f989000000)]

Other Threads:
  0x000001fe2d549570 VMThread "VM Thread" [stack: 0x000000f988300000,0x000000f988400000] [id=10136] _threads_hazard_ptr=0x000001fe755f6bc0
  0x000001fe2d398690 WorkerThread "GC Thread#0" [stack: 0x000000f987e00000,0x000000f987f00000] [id=14740]
  0x000001fe04c5cc60 ConcurrentGCThread "G1 Main Marker" terminated
  0x000001fe04c5d830 WorkerThread "G1 Conc#0" [stack: 0x000000f988000000,0x000000f988100000] [id=19596]
  0x000001fe2d3ff9d0 ConcurrentGCThread "G1 Refine#0" terminated
  0x000001fe2d400470 ConcurrentGCThread "G1 Service" terminated

Threads with active compile tasks:

VM state: at safepoint (normal execution)

VM Mutex/Monitor currently owned by a thread:  ([mutex/lock_event])
[0x000001fe04bd3760] Threads_lock - owner thread: 0x000001fe2d549570
[0x000001fe04bd52f0] Heap_lock - owner thread: 0x000001fe04bd6730

Heap address: 0x0000000584800000, size: 10168 MB, Compressed Oops mode: Zero based, Oop shift amount: 3

CDS archive(s) mapped at: [0x000001fe30400000-0x000001fe31070000-0x000001fe31070000), size 13041664, SharedBaseAddress: 0x000001fe30400000, ArchiveRelocationMode: 1.
Compressed class space mapped at: 0x000001fe31400000-0x000001fe71400000, reserved size: 1073741824
Narrow klass base: 0x000001fe30400000, Narrow klass shift: 0, Narrow klass range: 0x100000000

GC Precious Log:
 CardTable entry size: 512
 Card Set container configuration: InlinePtr #cards 4 size 8 Array Of Cards #cards 64 size 144 Howl #buckets 8 coarsen threshold 14745 Howl Bitmap #cards 2048 size 272 coarsen threshold 1843 Card regions per heap region 1 cards per card region 16384
 CPUs: 12 total, 12 available
 Memory: 40643M
 Large Page Support: Disabled
 NUMA Support: Disabled
 Compressed Oops: Enabled (Zero based)
 Heap Region Size: 8M
 Heap Min Capacity: 8M
 Heap Initial Capacity: 640M
 Heap Max Capacity: 10168M
 Pre-touch: Disabled
 Parallel Workers: 10
 Concurrent Workers: 3
 Concurrent Refinement Workers: 10
 Periodic GC: Disabled

Heap:
 garbage-first heap   total 655360K, used 0K [0x0000000584800000, 0x0000000800000000)
  region size 8192K, 1 young (8192K), 0 survivors (0K)
 Metaspace       used 524K, committed 704K, reserved 1114112K
  class space    used 30K, committed 128K, reserved 1048576K

Heap Regions: E=young(eden), S=young(survivor), O=old, HS=humongous(starts), HC=humongous(continues), CS=collection set, F=free, OA=open archive, CA=closed archive, TAMS=top-at-mark-start, PB=parsable bottom
|   0|0x0000000584800000, 0x0000000584800000, 0x0000000585000000|  0%| F|  |TAMS 0x0000000584800000| PB 0x0000000584800000| Untracked 
|   1|0x0000000585000000, 0x0000000585000000, 0x0000000585800000|  0%| F|  |TAMS 0x0000000585000000| PB 0x0000000585000000| Untracked 
|   2|0x0000000585800000, 0x0000000585800000, 0x0000000586000000|  0%| F|  |TAMS 0x0000000585800000| PB 0x0000000585800000| Untracked 
|   3|0x0000000586000000, 0x0000000586000000, 0x0000000586800000|  0%| F|  |TAMS 0x0000000586000000| PB 0x0000000586000000| Untracked 
|   4|0x0000000586800000, 0x0000000586800000, 0x0000000587000000|  0%| F|  |TAMS 0x0000000586800000| PB 0x0000000586800000| Untracked 
|   5|0x0000000587000000, 0x0000000587000000, 0x0000000587800000|  0%| F|  |TAMS 0x0000000587000000| PB 0x0000000587000000| Untracked 
|   6|0x0000000587800000, 0x0000000587800000, 0x0000000588000000|  0%| F|  |TAMS 0x0000000587800000| PB 0x0000000587800000| Untracked 
|   7|0x0000000588000000, 0x0000000588000000, 0x0000000588800000|  0%| F|  |TAMS 0x0000000588000000| PB 0x0000000588000000| Untracked 
|   8|0x0000000588800000, 0x0000000588800000, 0x0000000589000000|  0%| F|  |TAMS 0x0000000588800000| PB 0x0000000588800000| Untracked 
|   9|0x0000000589000000, 0x0000000589000000, 0x0000000589800000|  0%| F|  |TAMS 0x0000000589000000| PB 0x0000000589000000| Untracked 
|  10|0x0000000589800000, 0x0000000589800000, 0x000000058a000000|  0%| F|  |TAMS 0x0000000589800000| PB 0x0000000589800000| Untracked 
|  11|0x000000058a000000, 0x000000058a000000, 0x000000058a800000|  0%| F|  |TAMS 0x000000058a000000| PB 0x000000058a000000| Untracked 
|  12|0x000000058a800000, 0x000000058a800000, 0x000000058b000000|  0%| F|  |TAMS 0x000000058a800000| PB 0x000000058a800000| Untracked 
|  13|0x000000058b000000, 0x000000058b000000, 0x000000058b800000|  0%| F|  |TAMS 0x000000058b000000| PB 0x000000058b000000| Untracked 
|  14|0x000000058b800000, 0x000000058b800000, 0x000000058c000000|  0%| F|  |TAMS 0x000000058b800000| PB 0x000000058b800000| Untracked 
|  15|0x000000058c000000, 0x000000058c000000, 0x000000058c800000|  0%| F|  |TAMS 0x000000058c000000| PB 0x000000058c000000| Untracked 
|  16|0x000000058c800000, 0x000000058c800000, 0x000000058d000000|  0%| F|  |TAMS 0x000000058c800000| PB 0x000000058c800000| Untracked 
|  17|0x000000058d000000, 0x000000058d000000, 0x000000058d800000|  0%| F|  |TAMS 0x000000058d000000| PB 0x000000058d000000| Untracked 
|  18|0x000000058d800000, 0x000000058d800000, 0x000000058e000000|  0%| F|  |TAMS 0x000000058d800000| PB 0x000000058d800000| Untracked 
|  19|0x000000058e000000, 0x000000058e000000, 0x000000058e800000|  0%| F|  |TAMS 0x000000058e000000| PB 0x000000058e000000| Untracked 
|  20|0x000000058e800000, 0x000000058e800000, 0x000000058f000000|  0%| F|  |TAMS 0x000000058e800000| PB 0x000000058e800000| Untracked 
|  21|0x000000058f000000, 0x000000058f000000, 0x000000058f800000|  0%| F|  |TAMS 0x000000058f000000| PB 0x000000058f000000| Untracked 
|  22|0x000000058f800000, 0x000000058f800000, 0x0000000590000000|  0%| F|  |TAMS 0x000000058f800000| PB 0x000000058f800000| Untracked 
|  23|0x0000000590000000, 0x0000000590000000, 0x0000000590800000|  0%| F|  |TAMS 0x0000000590000000| PB 0x0000000590000000| Untracked 
|  24|0x0000000590800000, 0x0000000590800000, 0x0000000591000000|  0%| F|  |TAMS 0x0000000590800000| PB 0x0000000590800000| Untracked 
|  25|0x0000000591000000, 0x0000000591000000, 0x0000000591800000|  0%| F|  |TAMS 0x0000000591000000| PB 0x0000000591000000| Untracked 
|  26|0x0000000591800000, 0x0000000591800000, 0x0000000592000000|  0%| F|  |TAMS 0x0000000591800000| PB 0x0000000591800000| Untracked 
|  27|0x0000000592000000, 0x0000000592000000, 0x0000000592800000|  0%| F|  |TAMS 0x0000000592000000| PB 0x0000000592000000| Untracked 
|  28|0x0000000592800000, 0x0000000592800000, 0x0000000593000000|  0%| F|  |TAMS 0x0000000592800000| PB 0x0000000592800000| Untracked 
|  29|0x0000000593000000, 0x0000000593000000, 0x0000000593800000|  0%| F|  |TAMS 0x0000000593000000| PB 0x0000000593000000| Untracked 
|  30|0x0000000593800000, 0x0000000593800000, 0x0000000594000000|  0%| F|  |TAMS 0x0000000593800000| PB 0x0000000593800000| Untracked 
|  31|0x0000000594000000, 0x0000000594000000, 0x0000000594800000|  0%| F|  |TAMS 0x0000000594000000| PB 0x0000000594000000| Untracked 
|  32|0x0000000594800000, 0x0000000594800000, 0x0000000595000000|  0%| F|  |TAMS 0x0000000594800000| PB 0x0000000594800000| Untracked 
|  33|0x0000000595000000, 0x0000000595000000, 0x0000000595800000|  0%| F|  |TAMS 0x0000000595000000| PB 0x0000000595000000| Untracked 
|  34|0x0000000595800000, 0x0000000595800000, 0x0000000596000000|  0%| F|  |TAMS 0x0000000595800000| PB 0x0000000595800000| Untracked 
|  35|0x0000000596000000, 0x0000000596000000, 0x0000000596800000|  0%| F|  |TAMS 0x0000000596000000| PB 0x0000000596000000| Untracked 
|  36|0x0000000596800000, 0x0000000596800000, 0x0000000597000000|  0%| F|  |TAMS 0x0000000596800000| PB 0x0000000596800000| Untracked 
|  37|0x0000000597000000, 0x0000000597000000, 0x0000000597800000|  0%| F|  |TAMS 0x0000000597000000| PB 0x0000000597000000| Untracked 
|  38|0x0000000597800000, 0x0000000597800000, 0x0000000598000000|  0%| F|  |TAMS 0x0000000597800000| PB 0x0000000597800000| Untracked 
|  39|0x0000000598000000, 0x0000000598000000, 0x0000000598800000|  0%| F|  |TAMS 0x0000000598000000| PB 0x0000000598000000| Untracked 
|  40|0x0000000598800000, 0x0000000598800000, 0x0000000599000000|  0%| F|  |TAMS 0x0000000598800000| PB 0x0000000598800000| Untracked 
|  41|0x0000000599000000, 0x0000000599000000, 0x0000000599800000|  0%| F|  |TAMS 0x0000000599000000| PB 0x0000000599000000| Untracked 
|  42|0x0000000599800000, 0x0000000599800000, 0x000000059a000000|  0%| F|  |TAMS 0x0000000599800000| PB 0x0000000599800000| Untracked 
|  43|0x000000059a000000, 0x000000059a000000, 0x000000059a800000|  0%| F|  |TAMS 0x000000059a000000| PB 0x000000059a000000| Untracked 
|  44|0x000000059a800000, 0x000000059a800000, 0x000000059b000000|  0%| F|  |TAMS 0x000000059a800000| PB 0x000000059a800000| Untracked 
|  45|0x000000059b000000, 0x000000059b000000, 0x000000059b800000|  0%| F|  |TAMS 0x000000059b000000| PB 0x000000059b000000| Untracked 
|  46|0x000000059b800000, 0x000000059b800000, 0x000000059c000000|  0%| F|  |TAMS 0x000000059b800000| PB 0x000000059b800000| Untracked 
|  47|0x000000059c000000, 0x000000059c000000, 0x000000059c800000|  0%| F|  |TAMS 0x000000059c000000| PB 0x000000059c000000| Untracked 
|  48|0x000000059c800000, 0x000000059c800000, 0x000000059d000000|  0%| F|  |TAMS 0x000000059c800000| PB 0x000000059c800000| Untracked 
|  49|0x000000059d000000, 0x000000059d000000, 0x000000059d800000|  0%| F|  |TAMS 0x000000059d000000| PB 0x000000059d000000| Untracked 
|  50|0x000000059d800000, 0x000000059d800000, 0x000000059e000000|  0%| F|  |TAMS 0x000000059d800000| PB 0x000000059d800000| Untracked 
|  51|0x000000059e000000, 0x000000059e000000, 0x000000059e800000|  0%| F|  |TAMS 0x000000059e000000| PB 0x000000059e000000| Untracked 
|  52|0x000000059e800000, 0x000000059e800000, 0x000000059f000000|  0%| F|  |TAMS 0x000000059e800000| PB 0x000000059e800000| Untracked 
|  53|0x000000059f000000, 0x000000059f000000, 0x000000059f800000|  0%| F|  |TAMS 0x000000059f000000| PB 0x000000059f000000| Untracked 
|  54|0x000000059f800000, 0x000000059f800000, 0x00000005a0000000|  0%| F|  |TAMS 0x000000059f800000| PB 0x000000059f800000| Untracked 
|  55|0x00000005a0000000, 0x00000005a0000000, 0x00000005a0800000|  0%| F|  |TAMS 0x00000005a0000000| PB 0x00000005a0000000| Untracked 
|  56|0x00000005a0800000, 0x00000005a0800000, 0x00000005a1000000|  0%| F|  |TAMS 0x00000005a0800000| PB 0x00000005a0800000| Untracked 
|  57|0x00000005a1000000, 0x00000005a1000000, 0x00000005a1800000|  0%| F|  |TAMS 0x00000005a1000000| PB 0x00000005a1000000| Untracked 
|  58|0x00000005a1800000, 0x00000005a1800000, 0x00000005a2000000|  0%| F|  |TAMS 0x00000005a1800000| PB 0x00000005a1800000| Untracked 
|  59|0x00000005a2000000, 0x00000005a2000000, 0x00000005a2800000|  0%| F|  |TAMS 0x00000005a2000000| PB 0x00000005a2000000| Untracked 
|  60|0x00000005a2800000, 0x00000005a2800000, 0x00000005a3000000|  0%| F|  |TAMS 0x00000005a2800000| PB 0x00000005a2800000| Untracked 
|  61|0x00000005a3000000, 0x00000005a3000000, 0x00000005a3800000|  0%| F|  |TAMS 0x00000005a3000000| PB 0x00000005a3000000| Untracked 
|  62|0x00000005a3800000, 0x00000005a3800000, 0x00000005a4000000|  0%| F|  |TAMS 0x00000005a3800000| PB 0x00000005a3800000| Untracked 
|  63|0x00000005a4000000, 0x00000005a4000000, 0x00000005a4800000|  0%| F|  |TAMS 0x00000005a4000000| PB 0x00000005a4000000| Untracked 
|  64|0x00000005a4800000, 0x00000005a4800000, 0x00000005a5000000|  0%| F|  |TAMS 0x00000005a4800000| PB 0x00000005a4800000| Untracked 
|  65|0x00000005a5000000, 0x00000005a5000000, 0x00000005a5800000|  0%| F|  |TAMS 0x00000005a5000000| PB 0x00000005a5000000| Untracked 
|  66|0x00000005a5800000, 0x00000005a5800000, 0x00000005a6000000|  0%| F|  |TAMS 0x00000005a5800000| PB 0x00000005a5800000| Untracked 
|  67|0x00000005a6000000, 0x00000005a6000000, 0x00000005a6800000|  0%| F|  |TAMS 0x00000005a6000000| PB 0x00000005a6000000| Untracked 
|  68|0x00000005a6800000, 0x00000005a6800000, 0x00000005a7000000|  0%| F|  |TAMS 0x00000005a6800000| PB 0x00000005a6800000| Untracked 
|  69|0x00000005a7000000, 0x00000005a7000000, 0x00000005a7800000|  0%| F|  |TAMS 0x00000005a7000000| PB 0x00000005a7000000| Untracked 
|  70|0x00000005a7800000, 0x00000005a7800000, 0x00000005a8000000|  0%| F|  |TAMS 0x00000005a7800000| PB 0x00000005a7800000| Untracked 
|  71|0x00000005a8000000, 0x00000005a8000000, 0x00000005a8800000|  0%| F|  |TAMS 0x00000005a8000000| PB 0x00000005a8000000| Untracked 
|  72|0x00000005a8800000, 0x00000005a8800000, 0x00000005a9000000|  0%| F|  |TAMS 0x00000005a8800000| PB 0x00000005a8800000| Untracked 
|  73|0x00000005a9000000, 0x00000005a9000000, 0x00000005a9800000|  0%| F|  |TAMS 0x00000005a9000000| PB 0x00000005a9000000| Untracked 
|  74|0x00000005a9800000, 0x00000005a9800000, 0x00000005aa000000|  0%| F|  |TAMS 0x00000005a9800000| PB 0x00000005a9800000| Untracked 
|  75|0x00000005aa000000, 0x00000005aa000000, 0x00000005aa800000|  0%| F|  |TAMS 0x00000005aa000000| PB 0x00000005aa000000| Untracked 
|  76|0x00000005aa800000, 0x00000005aa800000, 0x00000005ab000000|  0%| F|  |TAMS 0x00000005aa800000| PB 0x00000005aa800000| Untracked 
|  77|0x00000005ab000000, 0x00000005ab000000, 0x00000005ab800000|  0%| F|  |TAMS 0x00000005ab000000| PB 0x00000005ab000000| Untracked 
|  78|0x00000005ab800000, 0x00000005ab800000, 0x00000005ac000000|  0%| F|  |TAMS 0x00000005ab800000| PB 0x00000005ab800000| Untracked 
|  79|0x00000005ac000000, 0x00000005ac5c2bf0, 0x00000005ac800000| 72%| E|  |TAMS 0x00000005ac000000| PB 0x00000005ac000000| Complete 

Card table byte_map: [0x000001fe20c70000,0x000001fe22050000] _byte_map_base: 0x000001fe1e04c000

Marking Bits: (CMBitMap*) 0x000001fe04c526f0
 Bits: [0x000001fe23430000, 0x000001fe2d310000)

Polling page: 0x000001fe049b0000

Metaspace:

Usage:
  Non-class:    494.06 KB used.
      Class:     30.77 KB used.
       Both:    524.83 KB used.

Virtual space:
  Non-class space:       64.00 MB reserved,     576.00 KB ( <1%) committed,  1 nodes.
      Class space:        1.00 GB reserved,     128.00 KB ( <1%) committed,  1 nodes.
             Both:        1.06 GB reserved,     704.00 KB ( <1%) committed. 

Chunk freelists:
   Non-Class:  3.97 MB
       Class:  3.73 MB
        Both:  7.70 MB

MaxMetaspaceSize: unlimited
CompressedClassSpaceSize: 1.00 GB
Initial GC threshold: 21.00 MB
Current GC threshold: 21.00 MB
CDS: on
MetaspaceReclaimPolicy: balanced
 - commit_granule_bytes: 65536.
 - commit_granule_words: 8192.
 - virtual_space_node_default_size: 8388608.
 - enlarge_chunks_in_place: 1.
 - new_chunks_are_fully_committed: 0.
 - uncommit_free_chunks: 1.
 - use_allocation_guard: 0.


Internal statistics:

num_allocs_failed_limit: 0.
num_arena_births: 22.
num_arena_deaths: 0.
num_vsnodes_births: 2.
num_vsnodes_deaths: 0.
num_space_committed: 11.
num_space_uncommitted: 0.
num_chunks_returned_to_freelist: 0.
num_chunks_taken_from_freelist: 27.
num_chunk_merges: 0.
num_chunk_splits: 16.
num_chunks_enlarged: 10.
num_inconsistent_stats: 0.

CodeHeap 'non-profiled nmethods': size=120000Kb used=70Kb max_used=70Kb free=119929Kb
 bounds [0x000001fe177d0000, 0x000001fe17a40000, 0x000001fe1ed00000]
CodeHeap 'profiled nmethods': size=120000Kb used=186Kb max_used=186Kb free=119813Kb
 bounds [0x000001fe0fd00000, 0x000001fe0ff70000, 0x000001fe17230000]
CodeHeap 'non-nmethods': size=5760Kb used=1342Kb max_used=1342Kb free=4417Kb
 bounds [0x000001fe17230000, 0x000001fe174a0000, 0x000001fe177d0000]
 total_blobs=591 nmethods=193 adapters=309
 compilation: enabled
              stopped_count=0, restarted_count=0
 full_count=0

Compilation events (20 events):
Event: 0.092 Thread 0x000001fe7540aa30  185       3       java.lang.AbstractStringBuilder::inflateIfNeededFor (22 bytes)
Event: 0.092 Thread 0x000001fe7540aa30 nmethod 185 0x000001fe0fd2ba10 code [0x000001fe0fd2bbc0, 0x000001fe0fd2bdd0]
Event: 0.092 Thread 0x000001fe7540aa30  186       3       java.lang.StringBuilder::append (8 bytes)
Event: 0.092 Thread 0x000001fe7540aa30 nmethod 186 0x000001fe0fd2bf10 code [0x000001fe0fd2c0a0, 0x000001fe0fd2c1e8]
Event: 0.092 Thread 0x000001fe7540aa30  187       3       java.lang.String::isEmpty (14 bytes)
Event: 0.092 Thread 0x000001fe7540aa30 nmethod 187 0x000001fe0fd2c290 code [0x000001fe0fd2c420, 0x000001fe0fd2c598]
Event: 0.092 Thread 0x000001fe7540aa30  181       1       java.lang.invoke.MethodTypeForm::parameterSlotCount (5 bytes)
Event: 0.092 Thread 0x000001fe7540aa30 nmethod 181 0x000001fe177e1790 code [0x000001fe177e1900, 0x000001fe177e19c8]
Event: 0.093 Thread 0x000001fe7540aa30  188       3       java.util.concurrent.ConcurrentHashMap$Node::<init> (20 bytes)
Event: 0.093 Thread 0x000001fe7540aa30 nmethod 188 0x000001fe0fd2c690 code [0x000001fe0fd2c820, 0x000001fe0fd2ca60]
Event: 0.094 Thread 0x000001fe7540aa30  189       3       java.lang.StringLatin1::newString (24 bytes)
Event: 0.094 Thread 0x000001fe7540aa30 nmethod 189 0x000001fe0fd2cb10 code [0x000001fe0fd2ccc0, 0x000001fe0fd2cfe0]
Event: 0.098 Thread 0x000001fe7540aa30  190       3       java.lang.StringUTF16::getChar (60 bytes)
Event: 0.098 Thread 0x000001fe7540aa30 nmethod 190 0x000001fe0fd2d110 code [0x000001fe0fd2d2a0, 0x000001fe0fd2d410]
Event: 0.098 Thread 0x000001fe7540aa30  191       3       java.lang.String::charAt (25 bytes)
Event: 0.098 Thread 0x000001fe7540aa30 nmethod 191 0x000001fe0fd2d510 code [0x000001fe0fd2d700, 0x000001fe0fd2dc60]
Event: 0.098 Thread 0x000001fe7540aa30  192       3       java.lang.invoke.MethodType::methodType (69 bytes)
Event: 0.098 Thread 0x000001fe7540aa30 nmethod 192 0x000001fe0fd2df10 code [0x000001fe0fd2e100, 0x000001fe0fd2e5e0]
Event: 0.098 Thread 0x000001fe7540aa30  193       3       java.lang.System::getSecurityManager (12 bytes)
Event: 0.098 Thread 0x000001fe7540aa30 nmethod 193 0x000001fe0fd2e790 code [0x000001fe0fd2e920, 0x000001fe0fd2ea90]

GC Heap History (0 events):
No events

Dll operation events (8 events):
Event: 0.009 Loaded shared library C:\Users\Zain.Badaruddin\.jdks\liberica-20.0.2\bin\java.dll
Event: 0.027 Loaded shared library C:\Users\Zain.Badaruddin\.jdks\liberica-20.0.2\bin\jsvml.dll
Event: 0.073 Loaded shared library C:\Users\Zain.Badaruddin\.jdks\liberica-20.0.2\bin\zip.dll
Event: 0.077 Loaded shared library C:\Users\Zain.Badaruddin\.jdks\liberica-20.0.2\bin\instrument.dll
Event: 0.083 Loaded shared library C:\Users\Zain.Badaruddin\.jdks\liberica-20.0.2\bin\net.dll
Event: 0.085 Loaded shared library C:\Users\Zain.Badaruddin\.jdks\liberica-20.0.2\bin\nio.dll
Event: 0.088 Loaded shared library C:\Users\Zain.Badaruddin\.jdks\liberica-20.0.2\bin\zip.dll
Event: 0.094 Loaded shared library D:\IntelliJ IDEA 2021.1.3\bin\breakgen64.dll

Deoptimization events (4 events):
Event: 0.097 Thread 0x000001fe04bd6730 Uncommon trap: trap_request=0xffffff45 fr.pc=0x000001fe177e1034 relative=0x00000000000000b4
Event: 0.098 Thread 0x000001fe04bd6730 Uncommon trap: reason=unstable_if action=reinterpret pc=0x000001fe177e1034 method=java.lang.String.isLatin1()Z @ 10 c2
Event: 0.098 Thread 0x000001fe04bd6730 DEOPT PACKING pc=0x000001fe177e1034 sp=0x000000f987dff2d0
Event: 0.098 Thread 0x000001fe04bd6730 DEOPT UNPACKING pc=0x000001fe17299d22 sp=0x000000f987dff210 mode 2

Classes loaded (20 events):
Event: 0.094 Loading class java/io/Reader
Event: 0.094 Loading class java/io/Reader done
Event: 0.094 Loading class java/io/InputStreamReader
Event: 0.094 Loading class java/io/InputStreamReader done
Event: 0.094 Loading class java/net/Socket
Event: 0.096 Loading class java/lang/WeakPairMap$Pair$Weak
Event: 0.096 Loading class java/lang/WeakPairMap$WeakRefPeer
Event: 0.096 Loading class java/lang/WeakPairMap$WeakRefPeer done
Event: 0.096 Loading class java/lang/WeakPairMap$Pair$Weak done
Event: 0.096 Loading class java/lang/WeakPairMap$Pair$Weak$1
Event: 0.096 Loading class java/lang/WeakPairMap$Pair$Weak$1 done
Event: 0.097 Loading class jdk/internal/vm/PostVMInitHook
Event: 0.097 Loading class jdk/internal/vm/PostVMInitHook done
Event: 0.097 Loading class java/net/Socket done
Event: 0.098 Loading class jdk/internal/loader/URLClassPath$FileLoader$1
Event: 0.098 Loading class jdk/internal/loader/URLClassPath$FileLoader$1 done
Event: 0.098 Loading class java/net/InetSocketAddress
Event: 0.098 Loading class java/net/SocketAddress
Event: 0.098 Loading class java/net/SocketAddress done
Event: 0.098 Loading class java/net/InetSocketAddress done

Classes unloaded (0 events):
No events

Classes redefined (1 events):
Event: 0.096 Thread 0x000001fe2d549570 redefined class name=java.io.FileOutputStream, count=1

Internal exceptions (2 events):
Event: 0.089 Thread 0x000001fe04bd6730 Exception <a 'java/lang/NoSuchMethodError'{0x00000005ac3e2868}: 'void java.lang.invoke.DirectMethodHandle$Holder.invokeStatic(java.lang.Object, java.lang.Object, java.lang.Object)'> (0x00000005ac3e2868) 
thrown [s\src\hotspot\share\interpreter\linkResolver.cpp, line 773]
Event: 0.091 Thread 0x000001fe04bd6730 Exception <a 'java/lang/NoSuchMethodError'{0x00000005ac3f9d70}: 'java.lang.Object java.lang.invoke.Invokers$Holder.invokeExact_MT(java.lang.Object, java.lang.Object, java.lang.Object, java.lang.Object, java.lang.Object)'> (0x00000005ac3f9d70) 
thrown [s\src\hotspot\share\interpreter\linkResolver.cpp, line 773]

VM Operations (4 events):
Event: 0.063 Executing VM operation: HandshakeAllThreads
Event: 0.063 Executing VM operation: HandshakeAllThreads done
Event: 0.096 Executing VM operation: RedefineClasses
Event: 0.097 Executing VM operation: RedefineClasses done

Events (17 events):
Event: 0.027 Thread 0x000001fe04bd6730 Thread added: 0x000001fe04bd6730
Event: 0.038 Thread 0x000001fe2d567990 Thread added: 0x000001fe2d567990
Event: 0.038 Thread 0x000001fe2d568690 Thread added: 0x000001fe2d568690
Event: 0.039 Thread 0x000001fe75402550 Thread added: 0x000001fe75402550
Event: 0.039 Thread 0x000001fe754040a0 Thread added: 0x000001fe754040a0
Event: 0.039 Thread 0x000001fe75406af0 Thread added: 0x000001fe75406af0
Event: 0.039 Thread 0x000001fe75407430 Thread added: 0x000001fe75407430
Event: 0.039 Thread 0x000001fe754080a0 Thread added: 0x000001fe754080a0
Event: 0.039 Thread 0x000001fe7540aa30 Thread added: 0x000001fe7540aa30
Event: 0.058 Thread 0x000001fe75519f80 Thread added: 0x000001fe75519f80
Event: 0.067 Thread 0x000001fe75540ed0 Thread added: 0x000001fe75540ed0
Event: 0.094 Thread 0x000001fe7564af50 Thread added: 0x000001fe7564af50
Event: 0.097 Thread 0x000001fe75648310 Thread added: 0x000001fe75648310
Event: 0.098 Thread 0x000001fe04bd6730 Thread exited: 0x000001fe04bd6730
Event: 0.098 Thread 0x000001fe04bd6730 Thread added: 0x000001fe04bd6730
Event: 0.099 Thread 0x000001fe04bd6730 Thread exited: 0x000001fe04bd6730
Event: 0.099 Thread 0x000001fe75402550 Thread exited: 0x000001fe75402550


Dynamic libraries:
0x00007ff61f6a0000 - 0x00007ff61f6ae000 	C:\Users\Zain.Badaruddin\.jdks\liberica-20.0.2\bin\java.exe
0x00007ffb28890000 - 0x00007ffb28a88000 	C:\Windows\SYSTEM32\ntdll.dll
0x00007ffb285f0000 - 0x00007ffb286ad000 	C:\Windows\System32\KERNEL32.DLL
0x00007ffb282f0000 - 0x00007ffb285e6000 	C:\Windows\System32\KERNELBASE.dll
0x0000000073840000 - 0x000000007387b000 	C:\Windows\System32\cyinjct.dll
0x00007ffb28170000 - 0x00007ffb2817c000 	C:\Windows\System32\ntnativeapi.dll
0x00007ffb0d3c0000 - 0x00007ffb0d3d7000 	C:\Users\Zain.Badaruddin\.jdks\liberica-20.0.2\bin\jli.dll
0x000001fe046f0000 - 0x000001fe0488e000 	C:\Windows\System32\USER32.dll
0x00007ffb25f20000 - 0x00007ffb25f42000 	C:\Windows\System32\win32u.dll
0x00007ffb27fe0000 - 0x00007ffb2800c000 	C:\Windows\System32\GDI32.dll
0x00007ffb263b0000 - 0x00007ffb264ca000 	C:\Windows\System32\gdi32full.dll
0x00007ffb25e80000 - 0x00007ffb25f1d000 	C:\Windows\System32\msvcp_win.dll
0x000001fe04890000 - 0x000001fe04990000 	C:\Windows\System32\ucrtbase.dll
0x00007ffaf9f00000 - 0x00007ffaf9f1b000 	C:\Users\Zain.Badaruddin\.jdks\liberica-20.0.2\bin\VCRUNTIME140.dll
0x00007ffb109f0000 - 0x00007ffb10c8a000 	C:\Windows\WinSxS\amd64_microsoft.windows.common-controls_6595b64144ccf1df_6.0.19041.3636_none_60b6a03d71f818d5\COMCTL32.dll
0x00007ffb26580000 - 0x00007ffb2661e000 	C:\Windows\System32\msvcrt.dll
0x00007ffb28150000 - 0x00007ffb2816e000 	C:\Windows\System32\cyvera.dll
0x00007ffb280e0000 - 0x00007ffb2814e000 	C:\Windows\System32\cyvrtrap.dll
0x00007ffb28010000 - 0x00007ffb28040000 	C:\Windows\System32\IMM32.DLL
0x00007ffb0f0f0000 - 0x00007ffb0f0fc000 	C:\Users\Zain.Badaruddin\.jdks\liberica-20.0.2\bin\vcruntime140_1.dll
0x00007ffaf2eb0000 - 0x00007ffaf2f3e000 	C:\Users\Zain.Badaruddin\.jdks\liberica-20.0.2\bin\msvcp140.dll
0x00007ffa8e990000 - 0x00007ffa8f6ab000 	C:\Users\Zain.Badaruddin\.jdks\liberica-20.0.2\bin\server\jvm.dll
0x00007ffb26b70000 - 0x00007ffb26c1f000 	C:\Windows\System32\ADVAPI32.dll
0x00007ffb26f00000 - 0x00007ffb26f9c000 	C:\Windows\System32\sechost.dll
0x00007ffb281c0000 - 0x00007ffb282e6000 	C:\Windows\System32\RPCRT4.dll
0x00007ffad9af0000 - 0x00007ffad9af9000 	C:\Windows\SYSTEM32\WSOCK32.dll
0x00007ffb26e90000 - 0x00007ffb26efb000 	C:\Windows\System32\WS2_32.dll
0x00007ffb24370000 - 0x00007ffb24397000 	C:\Windows\SYSTEM32\WINMM.dll
0x00007ffb0ca60000 - 0x00007ffb0ca6a000 	C:\Windows\SYSTEM32\VERSION.dll
0x00007ffb24700000 - 0x00007ffb24712000 	C:\Windows\SYSTEM32\kernel.appcore.dll
0x00007ffb0eb40000 - 0x00007ffb0eb4a000 	C:\Users\Zain.Badaruddin\.jdks\liberica-20.0.2\bin\jimage.dll
0x00007ffb24180000 - 0x00007ffb24364000 	C:\Windows\SYSTEM32\DBGHELP.DLL
0x00007ffb24140000 - 0x00007ffb24174000 	C:\Windows\SYSTEM32\dbgcore.DLL
0x00007ffb26050000 - 0x00007ffb260d2000 	C:\Windows\System32\bcryptPrimitives.dll
0x00007ffb0d3b0000 - 0x00007ffb0d3be000 	C:\Users\Zain.Badaruddin\.jdks\liberica-20.0.2\bin\instrument.dll
0x00007ffaf9690000 - 0x00007ffaf96b6000 	C:\Users\Zain.Badaruddin\.jdks\liberica-20.0.2\bin\java.dll
0x00007ffb280a0000 - 0x00007ffb280d7000 	C:\Program Files\Palo Alto Networks\Traps\cyjagent.dll
0x00007ffacfeb0000 - 0x00007ffacff87000 	C:\Users\Zain.Badaruddin\.jdks\liberica-20.0.2\bin\jsvml.dll
0x00007ffb27300000 - 0x00007ffb27a44000 	C:\Windows\System32\SHELL32.dll
0x00007ffb23470000 - 0x00007ffb23c0b000 	C:\Windows\SYSTEM32\windows.storage.dll
0x00007ffb26fa0000 - 0x00007ffb272f4000 	C:\Windows\System32\combase.dll
0x00007ffb257c0000 - 0x00007ffb257ed000 	C:\Windows\SYSTEM32\Wldp.dll
0x00007ffb269e0000 - 0x00007ffb26a8d000 	C:\Windows\System32\SHCORE.dll
0x00007ffb27b00000 - 0x00007ffb27b55000 	C:\Windows\System32\shlwapi.dll
0x00007ffb25d80000 - 0x00007ffb25da5000 	C:\Windows\SYSTEM32\profapi.dll
0x00007ffaf5180000 - 0x00007ffaf5198000 	C:\Users\Zain.Badaruddin\.jdks\liberica-20.0.2\bin\zip.dll
0x00007ffaf6190000 - 0x00007ffaf61a3000 	C:\Users\Zain.Badaruddin\.jdks\liberica-20.0.2\bin\net.dll
0x00007ffb24dd0000 - 0x00007ffb24eda000 	C:\Windows\SYSTEM32\WINHTTP.dll
0x00007ffb25520000 - 0x00007ffb2558a000 	C:\Windows\system32\mswsock.dll
0x00007ffaf51c0000 - 0x00007ffaf51d6000 	C:\Users\Zain.Badaruddin\.jdks\liberica-20.0.2\bin\nio.dll
0x00007ffaf2e90000 - 0x00007ffaf2eaa000 	D:\IntelliJ IDEA 2021.1.3\bin\breakgen64.dll

dbghelp: loaded successfully - version: 4.0.5 - missing functions: none
symbol engine: initialized successfully - sym options: 0x614 - pdb path: .;C:\Users\Zain.Badaruddin\.jdks\liberica-20.0.2\bin;C:\Windows\SYSTEM32;C:\Windows\WinSxS\amd64_microsoft.windows.common-controls_6595b64144ccf1df_6.0.19041.3636_none_60b6a03d71f818d5;C:\Users\Zain.Badaruddin\.jdks\liberica-20.0.2\bin\server;C:\Program Files\Palo Alto Networks\Traps;D:\IntelliJ IDEA 2021.1.3\bin

VM Arguments:
jvm_args: -javaagent:D:\IntelliJ IDEA 2021.1.3\lib\idea_rt.jar=50174:D:\IntelliJ IDEA 2021.1.3\bin -Dfile.encoding=UTF-8 -Dsun.stdout.encoding=UTF-8 -Dsun.stderr.encoding=UTF-8 -agentpath:C:\Program Files\Palo Alto Networks\Traps\cyjagent.dll 
java_command: PerfectNumberChecker
java_class_path (initial): C:\Users\Zain.Badaruddin\IdeaProjects\practiceProject\out\production\practiceProject
Launcher Type: SUN_STANDARD

[Global flags]
     intx CICompilerCount                          = 4                                         {product} {ergonomic}
     uint ConcGCThreads                            = 3                                         {product} {ergonomic}
     uint G1ConcRefinementThreads                  = 10                                        {product} {ergonomic}
   size_t G1HeapRegionSize                         = 8388608                                   {product} {ergonomic}
    uintx GCDrainStackTargetSize                   = 64                                        {product} {ergonomic}
   size_t InitialHeapSize                          = 671088640                                 {product} {ergonomic}
   size_t MarkStackSize                            = 4194304                                   {product} {ergonomic}
   size_t MaxHeapSize                              = 10661920768                               {product} {ergonomic}
   size_t MaxNewSize                               = 6392119296                                {product} {ergonomic}
   size_t MinHeapDeltaBytes                        = 8388608                                   {product} {ergonomic}
   size_t MinHeapSize                              = 8388608                                   {product} {ergonomic}
    uintx NonNMethodCodeHeapSize                   = 5839372                                {pd product} {ergonomic}
    uintx NonProfiledCodeHeapSize                  = 122909434                              {pd product} {ergonomic}
    uintx ProfiledCodeHeapSize                     = 122909434                              {pd product} {ergonomic}
    uintx ReservedCodeCacheSize                    = 251658240                              {pd product} {ergonomic}
     bool SegmentedCodeCache                       = true                                      {product} {ergonomic}
   size_t SoftMaxHeapSize                          = 10661920768                            {manageable} {ergonomic}
     bool UseCompressedClassPointers               = true                           {product lp64_product} {ergonomic}
     bool UseCompressedOops                        = true                           {product lp64_product} {ergonomic}
     bool UseG1GC                                  = true                                      {product} {ergonomic}
     bool UseLargePagesIndividualAllocation        = false                                  {pd product} {ergonomic}

Logging:
Log output configuration:
 #0: stdout all=warning uptime,level,tags foldmultilines=false
 #1: stderr all=off uptime,level,tags foldmultilines=false

Environment Variables:
PATH=C:\Program Files\Common Files\Oracle\Java\javapath;C:\Windows\system32;C:\Windows;C:\Windows\System32\Wbem;C:\Windows\System32\WindowsPowerShell\v1.0\;C:\Windows\System32\OpenSSH\;D:\SDK\platform-tools;D:\SDK;C:\Program Files (x86)\Microsoft SQL Server\150\Tools\Binn\;C:\Program Files\Microsoft SQL Server\150\Tools\Binn\;C:\Program Files (x86)\Microsoft SQL Server\150\DTS\Binn\;C:\Program Files\Microsoft SQL Server\150\DTS\Binn\;C:\Program Files\Microsoft SQL Server\Client SDK\ODBC\170\Tools\Binn\;C:\Program Files (x86)\Microsoft SQL Server\160\DTS\Binn\;C:\Program Files\Azure Data Studio\bin;C:\Program Files\Git\cmd;C:\Program Files\nodejs\;C:\Program Files\MongoDB\Server\6.0\bin;D:\flutter\bin;D:\Java\jdk1.8.0_291\bin;C:\Users\Zain.Badaruddin\AppData\Local\Microsoft\WindowsApps;C:\Users\Zain.Badaruddin\AppData\Local\Programs\Microsoft VS Code\bin;D:\SDK;C:\Program Files\Azure Data Studio\bin;C:\Users\Zain.Badaruddin\AppData\Roaming\npm;C:\Program Files\MongoDB\Server\6.0\bin;D:\flutter\bin;
USERNAME=Zain.Badaruddin
OS=Windows_NT
PROCESSOR_IDENTIFIER=Intel64 Family 6 Model 154 Stepping 4, GenuineIntel
TMP=C:\Users\ZAIN~1.BAD\AppData\Local\Temp
TEMP=C:\Users\ZAIN~1.BAD\AppData\Local\Temp




---------------  S Y S T E M  ---------------

OS:
 Windows 10 , 64 bit Build 19041 (10.0.19041.3636)
OS uptime: 0 days 7:40 hours

CPU: total 12 (initial active 12) (6 cores per cpu, 2 threads per core) family 6 model 154 stepping 4 microcode 0x429, cx8, cmov, fxsr, ht, mmx, 3dnowpref, sse, sse2, sse3, ssse3, sse4.1, sse4.2, popcnt, lzcnt, tsc, tscinvbit, avx, avx2, aes, erms, clmul, bmi1, bmi2, adx, sha, fma, vzeroupper, clflush, clflushopt, clwb, serialize, rdtscp, rdpid, fsrm, f16c, pku, cet_ibt, cet_ss

Memory: 4k page, system-wide physical 40643M (26237M free)
TotalPageFile size 46531M (AvailPageFile size 30155M)
current process WorkingSet (physical memory assigned to process): 41M, peak: 41M
current process commit charge ("private bytes"): 740M, peak: 741M

vm_info: OpenJDK 64-Bit Server VM (20.0.2+10) for windows-amd64 JRE (20.0.2+10), built on 2023-07-20T00:47:43Z by "" with MS VC++ 17.1 (VS2022)

END.
