#
# A fatal error has been detected by the Java Runtime Environment:
#
#  EXCEPTION_ACCESS_VIOLATION (0xc0000005) at pc=0x00007ff9f080c224, pid=15600, tid=0x0000000000000e20
#
# JRE version: Java(TM) SE Runtime Environment (8.0_291-b10) (build 1.8.0_291-b10)
# Java VM: Java HotSpot(TM) 64-Bit Server VM (25.291-b10 mixed mode windows-amd64 compressed oops)
# Problematic frame:
# C  [cyjagent.dll+0xc224]
#
# Failed to write core dump. Minidumps are not enabled by default on client versions of Windows
#
# If you would like to submit a bug report, please visit:
#   http://bugreport.java.com/bugreport/crash.jsp
# The crash happened outside the Java Virtual Machine in native code.
# See problematic frame for where to report the bug.
#

---------------  T H R E A D  ---------------

Current thread (0x000001b33d842000):  JavaThread "Monitor Ctrl-Break" daemon [_thread_in_native, id=3616, stack(0x0000000e98b00000,0x0000000e98c00000)]

siginfo: ExceptionCode=0xc0000005, reading address 0x0000000000000000

Registers:
RAX=0x0000000000000000, RBX=0x000001b33d842200, RCX=0x0000000000000000, RDX=0x000001b3124019d0
RSP=0x0000000e98bfd8a0, RBP=0x000001b3141bf8d0, RSI=0x0000000000000000, RDI=0x000001b3124278c0
R8 =0x0000000000000000, R9 =0x0000000000000000, R10=0x0000000000000000, R11=0x0000000000000246
R12=0x000001b312417ed0, R13=0x0000000000000000, R14=0x0000000e98bfda80, R15=0x0000000000000000
RIP=0x00007ff9f080c224, EFLAGS=0x0000000000010202

Top of Stack: (sp=0x0000000e98bfd8a0)
0x0000000e98bfd8a0:   000001b33d842200 0000000000000000
0x0000000e98bfd8b0:   0000000000000000 000000070000001a
0x0000000e98bfd8c0:   0000000000000000 0000000000000000
0x0000000e98bfd8d0:   000001b33b047940 000001b3141bf8d0
0x0000000e98bfd8e0:   000000000000000c 000001b33d7e2f30
0x0000000e98bfd8f0:   0000000000000000 0000000000000000
0x0000000e98bfd900:   0000000000000000 000000006e0e5728
0x0000000e98bfd910:   000001b312417ed0 000001b33d842000
0x0000000e98bfd920:   000001b3124278c0 000001b3124118e0
0x0000000e98bfd930:   000001b3124278c0 0000000000000000
0x0000000e98bfd940:   000001b300005d29 000001b312421b50
0x0000000e98bfd950:   0000000e98bfda48 0000000e98bfd960
0x0000000e98bfd960:   0000000000000000 000000006df63f96
0x0000000e98bfd970:   000001b33d8437c0 000001b312421b40
0x0000000e98bfd980:   000001b3124278d0 000001b312429b28
0x0000000e98bfd990:   00000000000083b0 000001b33d842000 

Instructions: (pc=0x00007ff9f080c224)
0x00007ff9f080c204:   ff 15 a6 50 01 00 48 8b 0d a7 4b 02 00 4c 8b c7
0x00007ff9f080c214:   33 d2 ff 15 ac 4f 01 00 48 8b 4d 20 48 8b 55 10
0x00007ff9f080c224:   48 8b 01 48 8b 80 08 01 00 00 ff 15 ac 50 01 00
0x00007ff9f080c234:   85 c0 74 40 48 8b 0d a1 37 02 00 48 8d 15 9a 37 


Register to memory mapping:

RAX=0x0000000000000000 is an unknown value
RBX=0x000001b33d842200 is an unknown value
RCX=0x0000000000000000 is an unknown value
RDX=0x000001b3124019d0 is an unknown value
RSP=0x0000000e98bfd8a0 is pointing into the stack for thread: 0x000001b33d842000
RBP=0x000001b3141bf8d0 is an unknown value
RSI=0x0000000000000000 is an unknown value
RDI=0x000001b3124278c0 is an unknown value
R8 =0x0000000000000000 is an unknown value
R9 =0x0000000000000000 is an unknown value
R10=0x0000000000000000 is an unknown value
R11=0x0000000000000246 is an unknown value
R12=0x000001b312417ed0 is an unknown value
R13=0x0000000000000000 is an unknown value
R14=0x0000000e98bfda80 is pointing into the stack for thread: 0x000001b33d842000
R15=0x0000000000000000 is an unknown value


Stack: [0x0000000e98b00000,0x0000000e98c00000],  sp=0x0000000e98bfd8a0,  free space=1014k
Native frames: (J=compiled Java code, j=interpreted, Vv=VM code, C=native code)
C  [cyjagent.dll+0xc224]
V  [jvm.dll+0x1b5728]
V  [jvm.dll+0x1ad762]
V  [jvm.dll+0x1ad8a1]
V  [jvm.dll+0x580b0]
V  [jvm.dll+0x65b9e]
V  [jvm.dll+0x83ade]
V  [jvm.dll+0x84f20]
V  [jvm.dll+0x852e3]
V  [jvm.dll+0x100ab2]
V  [jvm.dll+0xc131f]
V  [jvm.dll+0xbeb3f]
C  0x000001b3141f8466

Java frames: (J=compiled Java code, j=interpreted, Vv=VM code)
j  java.net.SocksSocketImpl.connect(Ljava/net/SocketAddress;I)V+218
j  java.net.Socket.connect(Ljava/net/SocketAddress;I)V+179
j  java.net.Socket.connect(Ljava/net/SocketAddress;)V+3
j  java.net.Socket.<init>(Ljava/net/SocketAddress;Ljava/net/SocketAddress;Z)V+82
j  java.net.Socket.<init>(Ljava/lang/String;I)V+34
j  com.intellij.rt.execution.application.AppMainV2$1.run()V+10
v  ~StubRoutines::call_stub

---------------  P R O C E S S  ---------------

Java Threads: ( => current thread )
  0x000001b33d8e6800 JavaThread "Service Thread" daemon [_thread_blocked, id=18616, stack(0x0000000e99000000,0x0000000e99100000)]
  0x000001b33d84e000 JavaThread "C1 CompilerThread3" daemon [_thread_blocked, id=2452, stack(0x0000000e98f00000,0x0000000e99000000)]
  0x000001b33d7ef000 JavaThread "C2 CompilerThread2" daemon [_thread_blocked, id=21492, stack(0x0000000e98e00000,0x0000000e98f00000)]
  0x000001b33d7ee000 JavaThread "C2 CompilerThread1" daemon [_thread_blocked, id=21644, stack(0x0000000e98d00000,0x0000000e98e00000)]
  0x000001b33d7eb800 JavaThread "C2 CompilerThread0" daemon [_thread_blocked, id=11272, stack(0x0000000e98c00000,0x0000000e98d00000)]
=>0x000001b33d842000 JavaThread "Monitor Ctrl-Break" daemon [_thread_in_native, id=3616, stack(0x0000000e98b00000,0x0000000e98c00000)]
  0x000001b33b2f8800 JavaThread "Attach Listener" daemon [_thread_blocked, id=18412, stack(0x0000000e98a00000,0x0000000e98b00000)]
  0x000001b33b2d2800 JavaThread "Finalizer" daemon [_thread_blocked, id=16140, stack(0x0000000e98800000,0x0000000e98900000)]
  0x000001b33b2c8800 JavaThread "Reference Handler" daemon [_thread_blocked, id=18540, stack(0x0000000e98700000,0x0000000e98800000)]

Other Threads:
  0x000001b33b2a0000 VMThread [stack: 0x0000000e98600000,0x0000000e98700000] [id=23496]

VM state:at safepoint (normal execution)

VM Mutex/Monitor currently owned by a thread:  ([mutex/lock_event])
[0x000001b31241b360] Threads_lock - owner thread: 0x000001b33b2a0000
[0x000001b31241cdf0] Heap_lock - owner thread: 0x000001b31241f800

heap address: 0x0000000544e00000, size: 10162 MB, Compressed Oops mode: Zero based, Oop shift amount: 3
Narrow klass base: 0x0000000000000000, Narrow klass shift: 3
Compressed class space size: 1073741824 Address: 0x00000007c0000000

Heap:
 PSYoungGen      total 189952K, used 9769K [0x00000006ec500000, 0x00000006f9900000, 0x00000007c0000000)
  eden space 162816K, 6% used [0x00000006ec500000,0x00000006ece8a560,0x00000006f6400000)
  from space 27136K, 0% used [0x00000006f7e80000,0x00000006f7e80000,0x00000006f9900000)
  to   space 27136K, 0% used [0x00000006f6400000,0x00000006f6400000,0x00000006f7e80000)
 ParOldGen       total 434176K, used 0K [0x0000000544e00000, 0x000000055f600000, 0x00000006ec500000)
  object space 434176K, 0% used [0x0000000544e00000,0x0000000544e00000,0x000000055f600000)
 Metaspace       used 3329K, capacity 4500K, committed 4864K, reserved 1056768K
  class space    used 371K, capacity 388K, committed 512K, reserved 1048576K

Card table byte_map: [0x000001b323590000,0x000001b324970000] byte_map_base: 0x000001b320b69000

Marking Bits: (ParMarkBitMap*) 0x000000006e717fe0
 Begin Bits: [0x000001b3256b0000, 0x000001b32f578000)
 End Bits:   [0x000001b32f578000, 0x000001b339440000)

Polling page: 0x000001b312660000

CodeCache: size=245760Kb used=1129Kb max_used=1129Kb free=244630Kb
 bounds [0x000001b3141d0000, 0x000001b314440000, 0x000001b3231d0000]
 total_blobs=286 nmethods=29 adapters=171
 compilation: enabled

Compilation events (10 events):
Event: 0.108 Thread 0x000001b33d84e000   24       3       java.lang.String::getChars (62 bytes)
Event: 0.108 Thread 0x000001b33d84e000 nmethod 24 0x000001b3142e6550 code [0x000001b3142e6700, 0x000001b3142e6b40]
Event: 0.109 Thread 0x000001b33d84e000   25       3       java.util.concurrent.ConcurrentHashMap::tabAt (21 bytes)
Event: 0.109 Thread 0x000001b33d84e000 nmethod 25 0x000001b3142e7150 code [0x000001b3142e72a0, 0x000001b3142e74d8]
Event: 0.110 Thread 0x000001b33d84e000   27       3       java.lang.String::<init> (82 bytes)
Event: 0.111 Thread 0x000001b33d84e000 nmethod 27 0x000001b3142e8650 code [0x000001b3142e8820, 0x000001b3142e8d20]
Event: 0.111 Thread 0x000001b33d84e000   28       3       java.lang.String::indexOf (7 bytes)
Event: 0.111 Thread 0x000001b33d84e000 nmethod 28 0x000001b3142e8f90 code [0x000001b3142e9100, 0x000001b3142e9310]
Event: 0.111 Thread 0x000001b33d84e000   29       1       java.lang.Object::<init> (1 bytes)
Event: 0.111 Thread 0x000001b33d84e000 nmethod 29 0x000001b3142ea410 code [0x000001b3142ea560, 0x000001b3142ea678]

GC Heap History (0 events):
No events

Deoptimization events (0 events):
No events

Classes redefined (1 events):
Event: 0.102 Thread 0x000001b33b2a0000 redefined class name=java.io.FileOutputStream, count=1

Internal exceptions (2 events):
Event: 0.046 Thread 0x000001b31241f800 Exception <a 'java/lang/NoSuchMethodError': Method sun.misc.Unsafe.defineClass(Ljava/lang/String;[BII)Ljava/lang/Class; name or signature does not match> (0x00000006ec507cc0) thrown at [C:\jenkins\workspace\8-2-build-windows-amd64-cygwin\jdk8u291\1294\hot
Event: 0.046 Thread 0x000001b31241f800 Exception <a 'java/lang/NoSuchMethodError': Method sun.misc.Unsafe.prefetchRead(Ljava/lang/Object;J)V name or signature does not match> (0x00000006ec507fa8) thrown at [C:\jenkins\workspace\8-2-build-windows-amd64-cygwin\jdk8u291\1294\hotspot\src\share\vm\

Events (10 events):
Event: 0.111 loading class sun/misc/FormattedFloatingDecimal$2 done
Event: 0.111 Thread 0x000001b31241f800 Thread exited: 0x000001b31241f800
Event: 0.111 Thread 0x000001b31241f800 Thread added: 0x000001b31241f800
Event: 0.111 loading class java/lang/Shutdown
Event: 0.111 loading class java/lang/Shutdown done
Event: 0.111 loading class java/lang/Shutdown$Lock
Event: 0.111 loading class java/net/URI
Event: 0.111 loading class java/lang/Shutdown$Lock done
Event: 0.112 Thread 0x000001b31241f800 Thread exited: 0x000001b31241f800
Event: 0.112 Thread 0x000001b33b2f7800 Thread exited: 0x000001b33b2f7800


Dynamic libraries:
0x00007ff73a610000 - 0x00007ff73a657000 	D:\Java\jdk1.8.0_291\bin\java.exe
0x00007ff9f0ff0000 - 0x00007ff9f11e8000 	C:\Windows\SYSTEM32\ntdll.dll
0x00007ff9f0d50000 - 0x00007ff9f0e0d000 	C:\Windows\System32\KERNEL32.DLL
0x00007ff9f0a50000 - 0x00007ff9f0d46000 	C:\Windows\System32\KERNELBASE.dll
0x0000000075e70000 - 0x0000000075eab000 	C:\Windows\System32\cyinjct.dll
0x00007ff9f08d0000 - 0x00007ff9f08dc000 	C:\Windows\System32\ntnativeapi.dll
0x00007ff9f08b0000 - 0x00007ff9f08ce000 	C:\Windows\System32\cyvera.dll
0x00007ff9f0840000 - 0x00007ff9f08ae000 	C:\Windows\System32\cyvrtrap.dll
0x00007ff9eed60000 - 0x00007ff9eee0f000 	C:\Windows\System32\ADVAPI32.dll
0x00007ff9ef980000 - 0x00007ff9efa1e000 	C:\Windows\System32\msvcrt.dll
0x00007ff9efa90000 - 0x00007ff9efb2c000 	C:\Windows\System32\sechost.dll
0x00007ff9f0920000 - 0x00007ff9f0a46000 	C:\Windows\System32\RPCRT4.dll
0x00007ff9f0e10000 - 0x00007ff9f0fae000 	C:\Windows\System32\USER32.dll
0x00007ff9ee9c0000 - 0x00007ff9ee9e2000 	C:\Windows\System32\win32u.dll
0x00007ff9f0620000 - 0x00007ff9f064c000 	C:\Windows\System32\GDI32.dll
0x00007ff9ee8a0000 - 0x00007ff9ee9ba000 	C:\Windows\System32\gdi32full.dll
0x00007ff9ee710000 - 0x00007ff9ee7ad000 	C:\Windows\System32\msvcp_win.dll
0x00007ff9eeb30000 - 0x00007ff9eec30000 	C:\Windows\System32\ucrtbase.dll
0x00007ff9d8540000 - 0x00007ff9d87da000 	C:\Windows\WinSxS\amd64_microsoft.windows.common-controls_6595b64144ccf1df_6.0.19041.3636_none_60b6a03d71f818d5\COMCTL32.dll
0x00007ff9efb30000 - 0x00007ff9efb60000 	C:\Windows\System32\IMM32.DLL
0x00007ff9e0e60000 - 0x00007ff9e0e75000 	D:\Java\jdk1.8.0_291\jre\bin\vcruntime140.dll
0x00007ff9d5c70000 - 0x00007ff9d5d0b000 	D:\Java\jdk1.8.0_291\jre\bin\msvcp140.dll
0x000000006df30000 - 0x000000006e790000 	D:\Java\jdk1.8.0_291\jre\bin\server\jvm.dll
0x00007ff9eee70000 - 0x00007ff9eee78000 	C:\Windows\System32\PSAPI.DLL
0x00007ff9e6ed0000 - 0x00007ff9e6ed9000 	C:\Windows\SYSTEM32\WSOCK32.dll
0x00007ff9efa20000 - 0x00007ff9efa8b000 	C:\Windows\System32\WS2_32.dll
0x00007ff9ecae0000 - 0x00007ff9ecb07000 	C:\Windows\SYSTEM32\WINMM.dll
0x00007ff9d39a0000 - 0x00007ff9d39aa000 	C:\Windows\SYSTEM32\VERSION.dll
0x00007ff9ece50000 - 0x00007ff9ece62000 	C:\Windows\SYSTEM32\kernel.appcore.dll
0x00007ff9e8420000 - 0x00007ff9e8430000 	D:\Java\jdk1.8.0_291\jre\bin\verify.dll
0x00007ff9d88e0000 - 0x00007ff9d890b000 	D:\Java\jdk1.8.0_291\jre\bin\java.dll
0x00007ff9d7d70000 - 0x00007ff9d7da0000 	D:\Java\jdk1.8.0_291\jre\bin\instrument.dll
0x00007ff9f0800000 - 0x00007ff9f0837000 	C:\Program Files\Palo Alto Networks\Traps\cyjagent.dll
0x00007ff9d6d00000 - 0x00007ff9d6d18000 	D:\Java\jdk1.8.0_291\jre\bin\zip.dll
0x00007ff9eee80000 - 0x00007ff9ef5c5000 	C:\Windows\System32\SHELL32.dll
0x00007ff9ebbc0000 - 0x00007ff9ec35b000 	C:\Windows\SYSTEM32\windows.storage.dll
0x00007ff9efdc0000 - 0x00007ff9f0114000 	C:\Windows\System32\combase.dll
0x00007ff9edf20000 - 0x00007ff9edf4d000 	C:\Windows\SYSTEM32\Wldp.dll
0x00007ff9ef5d0000 - 0x00007ff9ef67d000 	C:\Windows\System32\SHCORE.dll
0x00007ff9ef7d0000 - 0x00007ff9ef825000 	C:\Windows\System32\shlwapi.dll
0x00007ff9ee4e0000 - 0x00007ff9ee505000 	C:\Windows\SYSTEM32\profapi.dll
0x00007ff9d6ce0000 - 0x00007ff9d6cfa000 	D:\IntelliJ IDEA 2021.1.3\bin\breakgen64.dll
0x00007ff9d6cc0000 - 0x00007ff9d6cdc000 	D:\Java\jdk1.8.0_291\jre\bin\net.dll
0x00007ff9edc80000 - 0x00007ff9edcea000 	C:\Windows\system32\mswsock.dll
0x00007ff9ec8d0000 - 0x00007ff9ecab4000 	C:\Windows\SYSTEM32\dbghelp.dll
0x00007ff9ee9f0000 - 0x00007ff9eea72000 	C:\Windows\System32\bcryptPrimitives.dll

VM Arguments:
jvm_args: -javaagent:D:\IntelliJ IDEA 2021.1.3\lib\idea_rt.jar=62492:D:\IntelliJ IDEA 2021.1.3\bin -Dfile.encoding=UTF-8 -agentpath:C:\Program Files\Palo Alto Networks\Traps\cyjagent.dll 
java_command: hackerRank.CalclulateRatios
java_class_path (initial): D:\Java\jdk1.8.0_291\jre\lib\charsets.jar;D:\Java\jdk1.8.0_291\jre\lib\deploy.jar;D:\Java\jdk1.8.0_291\jre\lib\ext\access-bridge-64.jar;D:\Java\jdk1.8.0_291\jre\lib\ext\cldrdata.jar;D:\Java\jdk1.8.0_291\jre\lib\ext\dnsns.jar;D:\Java\jdk1.8.0_291\jre\lib\ext\jaccess.jar;D:\Java\jdk1.8.0_291\jre\lib\ext\jfxrt.jar;D:\Java\jdk1.8.0_291\jre\lib\ext\localedata.jar;D:\Java\jdk1.8.0_291\jre\lib\ext\nashorn.jar;D:\Java\jdk1.8.0_291\jre\lib\ext\sunec.jar;D:\Java\jdk1.8.0_291\jre\lib\ext\sunjce_provider.jar;D:\Java\jdk1.8.0_291\jre\lib\ext\sunmscapi.jar;D:\Java\jdk1.8.0_291\jre\lib\ext\sunpkcs11.jar;D:\Java\jdk1.8.0_291\jre\lib\ext\zipfs.jar;D:\Java\jdk1.8.0_291\jre\lib\javaws.jar;D:\Java\jdk1.8.0_291\jre\lib\jce.jar;D:\Java\jdk1.8.0_291\jre\lib\jfr.jar;D:\Java\jdk1.8.0_291\jre\lib\jfxswt.jar;D:\Java\jdk1.8.0_291\jre\lib\jsse.jar;D:\Java\jdk1.8.0_291\jre\lib\management-agent.jar;D:\Java\jdk1.8.0_291\jre\lib\plugin.jar;D:\Java\jdk1.8.0_291\jre\lib\resources.jar;D:\Java\jdk1.8.0_291\jre\lib\rt.jar;C:\Users\Zain.Badaruddin\IdeaProjects\practiceProject\out\production\practiceProject;D:\IntelliJ IDEA 2021.1.3\lib\idea_rt.jar
Launcher Type: SUN_STANDARD

Environment Variables:
PATH=C:\Program Files\Common Files\Oracle\Java\javapath;C:\Windows\system32;C:\Windows;C:\Windows\System32\Wbem;C:\Windows\System32\WindowsPowerShell\v1.0\;C:\Windows\System32\OpenSSH\;D:\SDK\platform-tools;D:\SDK;C:\Program Files (x86)\Microsoft SQL Server\150\Tools\Binn\;C:\Program Files\Microsoft SQL Server\150\Tools\Binn\;C:\Program Files (x86)\Microsoft SQL Server\150\DTS\Binn\;C:\Program Files\Microsoft SQL Server\150\DTS\Binn\;C:\Program Files\Microsoft SQL Server\Client SDK\ODBC\170\Tools\Binn\;C:\Program Files (x86)\Microsoft SQL Server\160\DTS\Binn\;C:\Program Files\Azure Data Studio\bin;C:\Program Files\Git\cmd;C:\Program Files\nodejs\;C:\Program Files\MongoDB\Server\6.0\bin;D:\flutter\bin;D:\Java\jdk1.8.0_291\bin;C:\Users\Zain.Badaruddin\AppData\Local\Microsoft\WindowsApps;C:\Users\Zain.Badaruddin\AppData\Local\Programs\Microsoft VS Code\bin;D:\SDK;C:\Program Files\Azure Data Studio\bin;C:\Users\Zain.Badaruddin\AppData\Roaming\npm;C:\Program Files\MongoDB\Server\6.0\bin;D:\flutter\bin;
USERNAME=Zain.Badaruddin
OS=Windows_NT
PROCESSOR_IDENTIFIER=Intel64 Family 6 Model 154 Stepping 4, GenuineIntel



---------------  S Y S T E M  ---------------

OS: Windows 10.0 , 64 bit Build 19041 (10.0.19041.3636)

CPU:total 12 (initial active 12) (12 cores per cpu, 1 threads per core) family 6 model 154 stepping 4, cmov, cx8, fxsr, mmx, sse, sse2, sse3, ssse3, sse4.1, sse4.2, popcnt, avx, avx2, aes, clmul, erms, 3dnowpref, lzcnt, tsc, tscinvbit, bmi1, bmi2, adx

Memory: 4k page, physical 41619020k(29163828k free), swap 47648332k(32159668k free)

vm_info: Java HotSpot(TM) 64-Bit Server VM (25.291-b10) for windows-amd64 JRE (1.8.0_291-b10), built on Apr  9 2021 00:02:00 by "java_re" with MS VC++ 15.9 (VS2017)

time: Fri Dec 22 11:01:09 2023
timezone: Pakistan Standard Time
elapsed time: 0.158105 seconds (0d 0h 0m 0s)

