#
# A fatal error has been detected by the Java Runtime Environment:
#
#  EXCEPTION_ACCESS_VIOLATION (0xc0000005) at pc=0x00007ffc6556c224, pid=23888, tid=0x000000000000596c
#
# JRE version: Java(TM) SE Runtime Environment (8.0_291-b10) (build 1.8.0_291-b10)
# Java VM: Java HotSpot(TM) 64-Bit Server VM (25.291-b10 mixed mode windows-amd64 compressed oops)
# Problematic frame:
# C  [cyjagent.dll+0xc224]
#
# Failed to write core dump. Minidumps are not enabled by default on client versions of Windows
#
# If you would like to submit a bug report, please visit:
#   http://bugreport.java.com/bugreport/crash.jsp
# The crash happened outside the Java Virtual Machine in native code.
# See problematic frame for where to report the bug.
#

---------------  T H R E A D  ---------------

Current thread (0x000001de55944000):  JavaThread "Monitor Ctrl-Break" daemon [_thread_in_native, id=22892, stack(0x000000cbf6e00000,0x000000cbf6f00000)]

siginfo: ExceptionCode=0xc0000005, reading address 0x0000000000000000

Registers:
RAX=0x0000000000000000, RBX=0x000001de55944200, RCX=0x0000000000000000, RDX=0x000001de2a4d18d0
RSP=0x000000cbf6efc3d0, RBP=0x000001de2c40f8d0, RSI=0x0000000000000000, RDI=0x000001de55997dc0
R8 =0x0000000000000000, R9 =0x0000000000000000, R10=0x0000000000000000, R11=0x0000000000000246
R12=0x000001de2a4d8930, R13=0x0000000000000000, R14=0x000000cbf6efc5b0, R15=0x0000000000000000
RIP=0x00007ffc6556c224, EFLAGS=0x0000000000010202

Top of Stack: (sp=0x000000cbf6efc3d0)
0x000000cbf6efc3d0:   000001de55944200 0000000000000000
0x000000cbf6efc3e0:   0000000000000000 000000070000003a
0x000000cbf6efc3f0:   0000000000000000 0000000000000000
0x000000cbf6efc400:   000001de559b9100 000001de2c40f8d0
0x000000cbf6efc410:   000000000000002c 000001de55945520
0x000000cbf6efc420:   0000000000000000 0000000000000000
0x000000cbf6efc430:   0000000000000000 0000000067365728
0x000000cbf6efc440:   000001de2a4d8930 000001de55944000
0x000000cbf6efc450:   000001de55997dc0 000001de2a4d2150
0x000000cbf6efc460:   000001de55997dc0 0000000000000000
0x000000cbf6efc470:   00000d7500001aea 000001de55996270
0x000000cbf6efc480:   000000cbf6efc578 000000cbf6efc490
0x000000cbf6efc490:   0000000000000000 0000000067234ad5
0x000000cbf6efc4a0:   000001de558f4eb0 000001de55996260
0x000000cbf6efc4b0:   000001de55997df0 000001de5599e248
0x000000cbf6efc4c0:   00000000000083b0 000001de55944000 

Instructions: (pc=0x00007ffc6556c224)
0x00007ffc6556c204:   ff 15 a6 50 01 00 48 8b 0d a7 4b 02 00 4c 8b c7
0x00007ffc6556c214:   33 d2 ff 15 ac 4f 01 00 48 8b 4d 20 48 8b 55 10
0x00007ffc6556c224:   48 8b 01 48 8b 80 08 01 00 00 ff 15 ac 50 01 00
0x00007ffc6556c234:   85 c0 74 40 48 8b 0d a1 37 02 00 48 8d 15 9a 37 


Register to memory mapping:

RAX=0x0000000000000000 is an unknown value
RBX=0x000001de55944200 is an unknown value
RCX=0x0000000000000000 is an unknown value
RDX=0x000001de2a4d18d0 is an unknown value
RSP=0x000000cbf6efc3d0 is pointing into the stack for thread: 0x000001de55944000
RBP=0x000001de2c40f8d0 is an unknown value
RSI=0x0000000000000000 is an unknown value
RDI=0x000001de55997dc0 is an unknown value
R8 =0x0000000000000000 is an unknown value
R9 =0x0000000000000000 is an unknown value
R10=0x0000000000000000 is an unknown value
R11=0x0000000000000246 is an unknown value
R12=0x000001de2a4d8930 is an unknown value
R13=0x0000000000000000 is an unknown value
R14=0x000000cbf6efc5b0 is pointing into the stack for thread: 0x000001de55944000
R15=0x0000000000000000 is an unknown value


Stack: [0x000000cbf6e00000,0x000000cbf6f00000],  sp=0x000000cbf6efc3d0,  free space=1008k
Native frames: (J=compiled Java code, j=interpreted, Vv=VM code, C=native code)
C  [cyjagent.dll+0xc224]
V  [jvm.dll+0x1b5728]
V  [jvm.dll+0x1ad762]
V  [jvm.dll+0x1ad8a1]
V  [jvm.dll+0x580b0]
V  [jvm.dll+0x65b9e]
V  [jvm.dll+0x83ade]
V  [jvm.dll+0x84f20]
V  [jvm.dll+0x852e3]
V  [jvm.dll+0x100ab2]
V  [jvm.dll+0xc131f]
V  [jvm.dll+0xbeb3f]
C  0x000001de2c44847c

Java frames: (J=compiled Java code, j=interpreted, Vv=VM code)
j  sun.misc.FloatingDecimal.readJavaFormatString(Ljava/lang/String;)Lsun/misc/FloatingDecimal$ASCIIToBinaryConverter;+746
j  sun.misc.FloatingDecimal.parseFloat(Ljava/lang/String;)F+1
j  java.lang.Float.parseFloat(Ljava/lang/String;)F+1
j  java.net.PlainSocketImpl$1.run()Ljava/lang/Object;+13
v  ~StubRoutines::call_stub
j  java.security.AccessController.doPrivileged(Ljava/security/PrivilegedAction;)Ljava/lang/Object;+0
j  java.net.PlainSocketImpl.<clinit>()V+19
v  ~StubRoutines::call_stub
j  java.net.Socket.setImpl()V+26
j  java.net.Socket.<init>(Ljava/net/SocketAddress;Ljava/net/SocketAddress;Z)V+51
j  java.net.Socket.<init>(Ljava/lang/String;I)V+34
j  com.intellij.rt.execution.application.AppMainV2$1.run()V+10
v  ~StubRoutines::call_stub

---------------  P R O C E S S  ---------------

Java Threads: ( => current thread )
  0x000001de5596c800 JavaThread "Service Thread" daemon [_thread_blocked, id=26760, stack(0x000000cbf7300000,0x000000cbf7400000)]
  0x000001de5595b000 JavaThread "C1 CompilerThread3" daemon [_thread_blocked, id=12300, stack(0x000000cbf7200000,0x000000cbf7300000)]
  0x000001de55959000 JavaThread "C2 CompilerThread2" daemon [_thread_blocked, id=28848, stack(0x000000cbf7100000,0x000000cbf7200000)]
  0x000001de55958800 JavaThread "C2 CompilerThread1" daemon [_thread_blocked, id=12592, stack(0x000000cbf7000000,0x000000cbf7100000)]
  0x000001de55951800 JavaThread "C2 CompilerThread0" daemon [_thread_blocked, id=22516, stack(0x000000cbf6f00000,0x000000cbf7000000)]
=>0x000001de55944000 JavaThread "Monitor Ctrl-Break" daemon [_thread_in_native, id=22892, stack(0x000000cbf6e00000,0x000000cbf6f00000)]
  0x000001de5344f000 JavaThread "Attach Listener" daemon [_thread_blocked, id=26356, stack(0x000000cbf6d00000,0x000000cbf6e00000)]
  0x000001de5344a000 JavaThread "Signal Dispatcher" daemon [_thread_blocked, id=22340, stack(0x000000cbf6c00000,0x000000cbf6d00000)]
  0x000001de53424800 JavaThread "Finalizer" daemon [_thread_blocked, id=17908, stack(0x000000cbf6b00000,0x000000cbf6c00000)]
  0x000001de53419800 JavaThread "Reference Handler" daemon [_thread_blocked, id=11172, stack(0x000000cbf6a00000,0x000000cbf6b00000)]

Other Threads:
  0x000001de533f0800 VMThread [stack: 0x000000cbf6900000,0x000000cbf6a00000] [id=7624]

VM state:at safepoint (normal execution)

VM Mutex/Monitor currently owned by a thread:  ([mutex/lock_event])
[0x000001de2a4dbd40] Threads_lock - owner thread: 0x000001de533f0800
[0x000001de2a4dd9d0] Heap_lock - owner thread: 0x000001de2a4e0800

heap address: 0x0000000544e00000, size: 10162 MB, Compressed Oops mode: Zero based, Oop shift amount: 3
Narrow klass base: 0x0000000000000000, Narrow klass shift: 3
Compressed class space size: 1073741824 Address: 0x00000007c0000000

Heap:
 PSYoungGen      total 189952K, used 9769K [0x00000006ec500000, 0x00000006f9900000, 0x00000007c0000000)
  eden space 162816K, 6% used [0x00000006ec500000,0x00000006ece8a560,0x00000006f6400000)
  from space 27136K, 0% used [0x00000006f7e80000,0x00000006f7e80000,0x00000006f9900000)
  to   space 27136K, 0% used [0x00000006f6400000,0x00000006f6400000,0x00000006f7e80000)
 ParOldGen       total 434176K, used 0K [0x0000000544e00000, 0x000000055f600000, 0x00000006ec500000)
  object space 434176K, 0% used [0x0000000544e00000,0x0000000544e00000,0x000000055f600000)
 Metaspace       used 3063K, capacity 4500K, committed 4864K, reserved 1056768K
  class space    used 338K, capacity 388K, committed 512K, reserved 1048576K

Card table byte_map: [0x000001de3b7e0000,0x000001de3cbc0000] byte_map_base: 0x000001de38db9000

Marking Bits: (ParMarkBitMap*) 0x0000000067997fe0
 Begin Bits: [0x000001de3d900000, 0x000001de477c8000)
 End Bits:   [0x000001de477c8000, 0x000001de51690000)

Polling page: 0x000001de2a880000

CodeCache: size=245760Kb used=1119Kb max_used=1119Kb free=244640Kb
 bounds [0x000001de2c420000, 0x000001de2c690000, 0x000001de3b420000]
 total_blobs=271 nmethods=26 adapters=159
 compilation: enabled

Compilation events (10 events):
Event: 0.072 Thread 0x000001de5595b000   19       3       java.util.concurrent.ConcurrentHashMap::tabAt (21 bytes)
Event: 0.072 Thread 0x000001de5595b000 nmethod 19 0x000001de2c535290 code [0x000001de2c5353e0, 0x000001de2c535618]
Event: 0.073 Thread 0x000001de5595b000   23       3       java.lang.AbstractStringBuilder::append (29 bytes)
Event: 0.073 Thread 0x000001de5595b000 nmethod 23 0x000001de2c5356d0 code [0x000001de2c535880, 0x000001de2c535dc0]
Event: 0.073 Thread 0x000001de5595b000   24  s    3       java.lang.StringBuffer::append (13 bytes)
Event: 0.073 Thread 0x000001de5595b000 nmethod 24 0x000001de2c536050 code [0x000001de2c536200, 0x000001de2c536940]
Event: 0.073 Thread 0x000001de5595b000   25       3       java.io.WinNTFileSystem::isSlash (18 bytes)
Event: 0.073 Thread 0x000001de5595b000 nmethod 25 0x000001de2c536d10 code [0x000001de2c536e60, 0x000001de2c537058]
Event: 0.073 Thread 0x000001de5595b000   26       3       java.lang.String::getChars (62 bytes)
Event: 0.074 Thread 0x000001de5595b000 nmethod 26 0x000001de2c5372d0 code [0x000001de2c537480, 0x000001de2c5378c0]

GC Heap History (0 events):
No events

Deoptimization events (0 events):
No events

Classes redefined (1 events):
Event: 0.066 Thread 0x000001de533f0800 redefined class name=java.io.FileOutputStream, count=1

Internal exceptions (2 events):
Event: 0.026 Thread 0x000001de2a4e0800 Exception <a 'java/lang/NoSuchMethodError': Method sun.misc.Unsafe.defineClass(Ljava/lang/String;[BII)Ljava/lang/Class; name or signature does not match> (0x00000006ec507cc0) thrown at [C:\jenkins\workspace\8-2-build-windows-amd64-cygwin\jdk8u291\1294\hot
Event: 0.026 Thread 0x000001de2a4e0800 Exception <a 'java/lang/NoSuchMethodError': Method sun.misc.Unsafe.prefetchRead(Ljava/lang/Object;J)V name or signature does not match> (0x00000006ec507fa8) thrown at [C:\jenkins\workspace\8-2-build-windows-amd64-cygwin\jdk8u291\1294\hotspot\src\share\vm\

Events (10 events):
Event: 0.074 loading class java/lang/Shutdown$Lock
Event: 0.074 loading class sun/misc/FloatingDecimal$1
Event: 0.074 loading class java/lang/Shutdown$Lock done
Event: 0.074 loading class sun/misc/FloatingDecimal$1 done
Event: 0.074 loading class sun/misc/FloatingDecimal$PreparedASCIIToBinaryBuffer
Event: 0.074 loading class sun/misc/FloatingDecimal$ASCIIToBinaryConverter
Event: 0.074 loading class sun/misc/FloatingDecimal$ASCIIToBinaryConverter done
Event: 0.074 loading class sun/misc/FloatingDecimal$PreparedASCIIToBinaryBuffer done
Event: 0.074 loading class sun/misc/FloatingDecimal$ASCIIToBinaryBuffer
Event: 0.074 Thread 0x000001de2a4e0800 Thread exited: 0x000001de2a4e0800


Dynamic libraries:
0x00007ff7f0f30000 - 0x00007ff7f0f77000 	D:\Java\jdk1.8.0_291\bin\java.exe
0x00007ffc7fab0000 - 0x00007ffc7fca8000 	C:\Windows\SYSTEM32\ntdll.dll
0x00007ffc7f810000 - 0x00007ffc7f8cd000 	C:\Windows\System32\KERNEL32.DLL
0x00007ffc7f510000 - 0x00007ffc7f806000 	C:\Windows\System32\KERNELBASE.dll
0x0000000073b30000 - 0x0000000073b6b000 	C:\Windows\System32\cyinjct.dll
0x00007ffc7f2f0000 - 0x00007ffc7f2fc000 	C:\Windows\System32\ntnativeapi.dll
0x00007ffc7f2d0000 - 0x00007ffc7f2ee000 	C:\Windows\System32\cyvera.dll
0x00007ffc64dd0000 - 0x00007ffc64e3e000 	C:\Windows\System32\cyvrtrap.dll
0x00007ffc7e9b0000 - 0x00007ffc7ea63000 	C:\Windows\System32\ADVAPI32.dll
0x00007ffc7e910000 - 0x00007ffc7e9ae000 	C:\Windows\System32\msvcrt.dll
0x00007ffc7e120000 - 0x00007ffc7e1bf000 	C:\Windows\System32\sechost.dll
0x00007ffc7f3e0000 - 0x00007ffc7f506000 	C:\Windows\System32\RPCRT4.dll
0x00007ffc7d5d0000 - 0x00007ffc7d5f7000 	C:\Windows\System32\bcrypt.dll
0x00007ffc7f8d0000 - 0x00007ffc7fa6e000 	C:\Windows\System32\USER32.dll
0x00007ffc7d600000 - 0x00007ffc7d622000 	C:\Windows\System32\win32u.dll
0x00007ffc7ead0000 - 0x00007ffc7eafc000 	C:\Windows\System32\GDI32.dll
0x00007ffc7d260000 - 0x00007ffc7d37a000 	C:\Windows\System32\gdi32full.dll
0x00007ffc7d1c0000 - 0x00007ffc7d25d000 	C:\Windows\System32\msvcp_win.dll
0x00007ffc7d380000 - 0x00007ffc7d480000 	C:\Windows\System32\ucrtbase.dll
0x00007ffc65e40000 - 0x00007ffc660da000 	C:\Windows\WinSxS\amd64_microsoft.windows.common-controls_6595b64144ccf1df_6.0.19041.3636_none_60b6a03d71f818d5\COMCTL32.dll
0x00007ffc7d800000 - 0x00007ffc7d830000 	C:\Windows\System32\IMM32.DLL
0x00007ffc76ab0000 - 0x00007ffc76ac5000 	D:\Java\jdk1.8.0_291\jre\bin\vcruntime140.dll
0x00007ffc6c190000 - 0x00007ffc6c22b000 	D:\Java\jdk1.8.0_291\jre\bin\msvcp140.dll
0x00000000671b0000 - 0x0000000067a10000 	D:\Java\jdk1.8.0_291\jre\bin\server\jvm.dll
0x00007ffc7e3a0000 - 0x00007ffc7e3a8000 	C:\Windows\System32\PSAPI.DLL
0x00007ffc7add0000 - 0x00007ffc7add9000 	C:\Windows\SYSTEM32\WSOCK32.dll
0x00007ffc7eb00000 - 0x00007ffc7eb6b000 	C:\Windows\System32\WS2_32.dll
0x00007ffc7aa90000 - 0x00007ffc7aab7000 	C:\Windows\SYSTEM32\WINMM.dll
0x00007ffc64b90000 - 0x00007ffc64b9a000 	C:\Windows\SYSTEM32\VERSION.dll
0x00007ffc7b8c0000 - 0x00007ffc7b8d2000 	C:\Windows\SYSTEM32\kernel.appcore.dll
0x00007ffc7ad80000 - 0x00007ffc7ad90000 	D:\Java\jdk1.8.0_291\jre\bin\verify.dll
0x00007ffc6d210000 - 0x00007ffc6d23b000 	D:\Java\jdk1.8.0_291\jre\bin\java.dll
0x00007ffc6d170000 - 0x00007ffc6d1a0000 	D:\Java\jdk1.8.0_291\jre\bin\instrument.dll
0x00007ffc65560000 - 0x00007ffc65597000 	C:\Program Files\Palo Alto Networks\Traps\cyjagent.dll
0x00007ffc71df0000 - 0x00007ffc71e08000 	D:\Java\jdk1.8.0_291\jre\bin\zip.dll
0x00007ffc7eb70000 - 0x00007ffc7f2b5000 	C:\Windows\System32\SHELL32.dll
0x00007ffc7ae00000 - 0x00007ffc7b59b000 	C:\Windows\SYSTEM32\windows.storage.dll
0x00007ffc7d8f0000 - 0x00007ffc7dc44000 	C:\Windows\System32\combase.dll
0x00007ffc7c9c0000 - 0x00007ffc7c9ed000 	C:\Windows\SYSTEM32\Wldp.dll
0x00007ffc7e2f0000 - 0x00007ffc7e39d000 	C:\Windows\System32\SHCORE.dll
0x00007ffc7e0c0000 - 0x00007ffc7e115000 	C:\Windows\System32\shlwapi.dll
0x00007ffc7cf90000 - 0x00007ffc7cfb5000 	C:\Windows\SYSTEM32\profapi.dll
0x00007ffc6d1f0000 - 0x00007ffc6d20a000 	D:\IntelliJ IDEA 2021.1.3\bin\breakgen64.dll
0x00007ffc6d080000 - 0x00007ffc6d09c000 	D:\Java\jdk1.8.0_291\jre\bin\net.dll
0x00007ffc7c720000 - 0x00007ffc7c78a000 	C:\Windows\system32\mswsock.dll
0x00007ffc7a880000 - 0x00007ffc7aa64000 	C:\Windows\SYSTEM32\dbghelp.dll
0x00007ffc7d4f0000 - 0x00007ffc7d572000 	C:\Windows\System32\bcryptPrimitives.dll

VM Arguments:
jvm_args: -javaagent:D:\IntelliJ IDEA 2021.1.3\lib\idea_rt.jar=54698:D:\IntelliJ IDEA 2021.1.3\bin -Dfile.encoding=UTF-8 -agentpath:C:\Program Files\Palo Alto Networks\Traps\cyjagent.dll 
java_command: Recursion.Factorial
java_class_path (initial): D:\Java\jdk1.8.0_291\jre\lib\charsets.jar;D:\Java\jdk1.8.0_291\jre\lib\deploy.jar;D:\Java\jdk1.8.0_291\jre\lib\ext\access-bridge-64.jar;D:\Java\jdk1.8.0_291\jre\lib\ext\cldrdata.jar;D:\Java\jdk1.8.0_291\jre\lib\ext\dnsns.jar;D:\Java\jdk1.8.0_291\jre\lib\ext\jaccess.jar;D:\Java\jdk1.8.0_291\jre\lib\ext\jfxrt.jar;D:\Java\jdk1.8.0_291\jre\lib\ext\localedata.jar;D:\Java\jdk1.8.0_291\jre\lib\ext\nashorn.jar;D:\Java\jdk1.8.0_291\jre\lib\ext\sunec.jar;D:\Java\jdk1.8.0_291\jre\lib\ext\sunjce_provider.jar;D:\Java\jdk1.8.0_291\jre\lib\ext\sunmscapi.jar;D:\Java\jdk1.8.0_291\jre\lib\ext\sunpkcs11.jar;D:\Java\jdk1.8.0_291\jre\lib\ext\zipfs.jar;D:\Java\jdk1.8.0_291\jre\lib\javaws.jar;D:\Java\jdk1.8.0_291\jre\lib\jce.jar;D:\Java\jdk1.8.0_291\jre\lib\jfr.jar;D:\Java\jdk1.8.0_291\jre\lib\jfxswt.jar;D:\Java\jdk1.8.0_291\jre\lib\jsse.jar;D:\Java\jdk1.8.0_291\jre\lib\management-agent.jar;D:\Java\jdk1.8.0_291\jre\lib\plugin.jar;D:\Java\jdk1.8.0_291\jre\lib\resources.jar;D:\Java\jdk1.8.0_291\jre\lib\rt.jar;C:\Users\Zain.Badaruddin\IdeaProjects\practiceProject\out\production\practiceProject;D:\IntelliJ IDEA 2021.1.3\lib\idea_rt.jar
Launcher Type: SUN_STANDARD

Environment Variables:
PATH=C:\Program Files\Common Files\Oracle\Java\javapath;C:\Windows\system32;C:\Windows;C:\Windows\System32\Wbem;C:\Windows\System32\WindowsPowerShell\v1.0\;C:\Windows\System32\OpenSSH\;D:\SDK\platform-tools;D:\SDK;C:\Program Files (x86)\Microsoft SQL Server\150\Tools\Binn\;C:\Program Files\Microsoft SQL Server\150\Tools\Binn\;C:\Program Files (x86)\Microsoft SQL Server\150\DTS\Binn\;C:\Program Files\Microsoft SQL Server\150\DTS\Binn\;C:\Program Files\Microsoft SQL Server\Client SDK\ODBC\170\Tools\Binn\;C:\Program Files (x86)\Microsoft SQL Server\160\DTS\Binn\;C:\Program Files\Azure Data Studio\bin;C:\Program Files\Git\cmd;C:\Program Files\nodejs\;C:\Program Files\MongoDB\Server\6.0\bin;D:\flutter\bin;D:\Java\jdk1.8.0_291\bin;C:\Users\Zain.Badaruddin\AppData\Local\Microsoft\WindowsApps;C:\Users\Zain.Badaruddin\AppData\Local\Programs\Microsoft VS Code\bin;D:\SDK;C:\Program Files\Azure Data Studio\bin;C:\Users\Zain.Badaruddin\AppData\Roaming\npm;C:\Program Files\MongoDB\Server\6.0\bin;D:\flutter\bin;
USERNAME=Zain.Badaruddin
OS=Windows_NT
PROCESSOR_IDENTIFIER=Intel64 Family 6 Model 154 Stepping 4, GenuineIntel



---------------  S Y S T E M  ---------------

OS: Windows 10.0 , 64 bit Build 19041 (10.0.19041.3636)

CPU:total 12 (initial active 12) (6 cores per cpu, 2 threads per core) family 6 model 154 stepping 4, cmov, cx8, fxsr, mmx, sse, sse2, sse3, ssse3, sse4.1, sse4.2, popcnt, avx, avx2, aes, clmul, erms, 3dnowpref, lzcnt, ht, tsc, tscinvbit, bmi1, bmi2, adx

Memory: 4k page, physical 41619020k(26214400k free), swap 47648332k(28577724k free)

vm_info: Java HotSpot(TM) 64-Bit Server VM (25.291-b10) for windows-amd64 JRE (1.8.0_291-b10), built on Apr  9 2021 00:02:00 by "java_re" with MS VC++ 15.9 (VS2017)

time: Thu Feb  1 14:02:24 2024
timezone: Pakistan Standard Time
elapsed time: 0.126516 seconds (0d 0h 0m 0s)

